#
# A fatal error has been detected by the Java Runtime Environment:
#
#  EXCEPTION_ACCESS_VIOLATION (0xc0000005) at pc=0x00007ffb38a70589, pid=23936, tid=26596
#
# JRE version: OpenJDK Runtime Environment Zulu17.30+15-CA (17.0.1+12) (build 17.0.1+12-LTS)
# Java VM: OpenJDK 64-Bit Server VM Zulu17.30+15-CA (17.0.1+12-LTS, mixed mode, sharing, tiered, compressed oops, compressed class ptrs, g1 gc, windows-amd64)
# Problematic frame:
# C  [nvoglv64.dll+0x11d0589]
#
# CreateCoredumpOnCrash turned off, no core file dumped
#
# If you would like to submit a bug report, please visit:
#   http://www.azul.com/support/
#

---------------  S U M M A R Y ------------

Command Line: -Djava.awt.headless=true -Xmx3072m -Dzomboid.steam=1 -Dzomboid.znetlog=1 -Djava.library.path=win64/;. -XX:-CreateCoredumpOnCrash -XX:-OmitStackTraceInFastThrow -XX:-UseZGC 

Host: AMD Ryzen 5 5600G with Radeon Graphics         , 12 cores, 15G,  Windows 10 , 64 bit Build 22621 (10.0.22621.2070)
Time: Thu Sep 14 20:42:53 2023 Hora oficial do Brasil elapsed time: 284.619834 seconds (0d 0h 4m 44s)

---------------  T H R E A D  ---------------

Current thread (0x0000026b97694fd0):  VMThread "VM Thread" [stack: 0x000000cb50800000,0x000000cb50900000] [id=26596]

Stack: [0x000000cb50800000,0x000000cb50900000],  sp=0x000000cb508feec8,  free space=1019k
Native frames: (J=compiled Java code, j=interpreted, Vv=VM code, C=native code)
C  [nvoglv64.dll+0x11d0589]


siginfo: EXCEPTION_ACCESS_VIOLATION (0xc0000005), reading address 0x0000000000000030


Register to memory mapping:

RIP=0x00007ffb38a70589 nvoglv64.dll
RAX=0x0 is NULL
RBX=0x0000026bce77d670 points into unknown readable memory: 0xffffff0000000007 | 07 00 00 00 00 ff ff ff
RCX=0x0000000000000007 is an unknown value
RDX=0x0 is NULL
RSP=0x000000cb508feec8 points into unknown readable memory: 0x0000026bd718bbf1 | f1 bb 18 d7 6b 02 00 00
RBP=0x0 is NULL
RSI=0x0 is NULL
RDI=0x0000026bce77d670 points into unknown readable memory: 0xffffff0000000007 | 07 00 00 00 00 ff ff ff
R8 =0x0 is NULL
R9 =0x0000026bce2cfc10 points into unknown readable memory: 0x0000026bd7268388 | 88 83 26 d7 6b 02 00 00
R10=0x0000026bf5bf0000 points into unknown readable memory: 0x0000000000000000 | 00 00 00 00 00 00 00 00
R11=0x000000cb508feed0 points into unknown readable memory: 0x0000000000000000 | 00 00 00 00 00 00 00 00
R12=0x0000026bd7180000 GTIII-OSD64-GL.dll
R13=0x0000026bd72b3820 GTIII-OSD64-GL.dll
R14=0x0 is NULL
R15=0x0 is NULL


Registers:
RAX=0x0000000000000000, RBX=0x0000026bce77d670, RCX=0x0000000000000007, RDX=0x0000000000000000
RSP=0x000000cb508feec8, RBP=0x0000000000000000, RSI=0x0000000000000000, RDI=0x0000026bce77d670
R8 =0x0000000000000000, R9 =0x0000026bce2cfc10, R10=0x0000026bf5bf0000, R11=0x000000cb508feed0
R12=0x0000026bd7180000, R13=0x0000026bd72b3820, R14=0x0000000000000000, R15=0x0000000000000000
RIP=0x00007ffb38a70589, EFLAGS=0x0000000000010202

Top of Stack: (sp=0x000000cb508feec8)
0x000000cb508feec8:   0000026bd718bbf1 0000000000000000
0x000000cb508feed8:   0000000000000000 0000026bd72b3820
0x000000cb508feee8:   0000026bd7180000 fffffffffffffffe
0x000000cb508feef8:   00007ffb7c02ab01 0000026bce2cfd08
0x000000cb508fef08:   0000026bd7188281 0000000000000000
0x000000cb508fef18:   0000000000000000 0000000000000000
0x000000cb508fef28:   0000026b00000003 0000026bce2cfd08
0x000000cb508fef38:   0000026bd7187c71 0000026bce2cfc10
0x000000cb508fef48:   0000000000000000 0000026b00000002
0x000000cb508fef58:   00007ffb7c02be60 0000026bd72b3840
0x000000cb508fef68:   0000026bd71cac0d 0000000000000040
0x000000cb508fef78:   0000000000000000 0000000000000000
0x000000cb508fef88:   0000026b9c1c52e8 0000026bd7180000
0x000000cb508fef98:   00007ffaa3ba5140 0000026bd7213f4c
0x000000cb508fefa8:   0000000000000001 0000000000000001
0x000000cb508fefb8:   0000026bd718a083 0000000000000000 

Instructions: (pc=0x00007ffb38a70589)
0x00007ffb38a70489:   48 8b 40 30 ff a0 28 0f 00 00 cc cc cc cc cc cc
0x00007ffb38a70499:   cc cc cc cc cc cc cc cc cc cc cc cc cc cc cc cc
0x00007ffb38a704a9:   cc cc cc cc cc cc cc cc cc cc cc cc cc cc cc cc
0x00007ffb38a704b9:   cc cc cc cc cc cc cc cc cc cc cc cc cc cc cc cc
0x00007ffb38a704c9:   cc cc cc cc cc cc cc cc cc cc cc cc cc cc cc cc
0x00007ffb38a704d9:   cc cc cc cc cc cc cc cc cc b8 98 38 44 33 a3 af
0x00007ffb38a704e9:   af af af af af af af c3 cc cc cc cc cc cc cc cc
0x00007ffb38a704f9:   cc cc cc cc cc cc cc 65 48 8b 04 25 80 17 00 00
0x00007ffb38a70509:   48 8b 40 30 ff a0 a8 22 00 00 cc cc cc cc cc cc
0x00007ffb38a70519:   cc cc cc cc cc cc cc cc cc cc cc cc cc cc cc cc
0x00007ffb38a70529:   cc cc cc cc cc cc cc cc cc cc cc cc cc cc cc cc
0x00007ffb38a70539:   cc cc cc cc cc cc cc cc cc cc cc cc cc cc cc cc
0x00007ffb38a70549:   cc cc cc cc cc cc cc cc cc cc cc cc cc cc cc cc
0x00007ffb38a70559:   cc cc cc cc cc cc cc cc cc b8 52 38 44 33 a3 af
0x00007ffb38a70569:   af af af af af af af c3 cc cc cc cc cc cc cc cc
0x00007ffb38a70579:   cc cc cc cc cc cc cc 65 48 8b 04 25 80 17 00 00
0x00007ffb38a70589:   48 8b 40 30 ff a0 38 12 00 00 cc cc cc cc cc cc
0x00007ffb38a70599:   cc cc cc cc cc cc cc cc cc cc cc cc cc cc cc cc
0x00007ffb38a705a9:   cc cc cc cc cc cc cc cc cc cc cc cc cc cc cc cc
0x00007ffb38a705b9:   cc cc cc cc cc cc cc cc cc cc cc cc cc cc cc cc
0x00007ffb38a705c9:   cc cc cc cc cc cc cc cc cc cc cc cc cc cc cc cc
0x00007ffb38a705d9:   cc cc cc cc cc cc cc cc cc b8 5d 35 44 33 a3 af
0x00007ffb38a705e9:   af af af af af af af c3 cc cc cc cc cc cc cc cc
0x00007ffb38a705f9:   cc cc cc cc cc cc cc 65 48 8b 04 25 80 17 00 00
0x00007ffb38a70609:   48 8b 40 30 ff a0 c0 19 00 00 cc cc cc cc cc cc
0x00007ffb38a70619:   cc cc cc cc cc cc cc cc cc cc cc cc cc cc cc cc
0x00007ffb38a70629:   cc cc cc cc cc cc cc cc cc cc cc cc cc cc cc cc
0x00007ffb38a70639:   cc cc cc cc cc cc cc cc cc cc cc cc cc cc cc cc
0x00007ffb38a70649:   cc cc cc cc cc cc cc cc cc cc cc cc cc cc cc cc
0x00007ffb38a70659:   cc cc cc cc cc cc cc cc cc b8 89 36 44 33 a3 af
0x00007ffb38a70669:   af af af af af af af c3 cc cc cc cc cc cc cc cc
0x00007ffb38a70679:   cc cc cc cc cc cc cc 65 48 8b 04 25 80 17 00 00 


Stack slot to memory mapping:
stack at sp + 0 slots: 0x0000026bd718bbf1 GTIII-OSD64-GL.dll
stack at sp + 1 slots: 0x0 is NULL
stack at sp + 2 slots: 0x0 is NULL
stack at sp + 3 slots: 0x0000026bd72b3820 GTIII-OSD64-GL.dll
stack at sp + 4 slots: 0x0000026bd7180000 GTIII-OSD64-GL.dll
stack at sp + 5 slots: 0xfffffffffffffffe is an unknown value
stack at sp + 6 slots: 0x00007ffb7c02ab01 ntdll.dll
stack at sp + 7 slots: 0x0000026bce2cfd08 points into unknown readable memory: 0x0000026bd72682d0 | d0 82 26 d7 6b 02 00 00

VM_Operation (0x000000cb4fdceb80): Exit, mode: safepoint, requested by thread 0x0000026bf781ce40


---------------  P R O C E S S  ---------------

Threads class SMR info:
_java_thread_list=0x0000026be8759b60, length=22, elements={
0x0000026bf781ce40, 0x0000026b97698630, 0x0000026b9769b620, 0x0000026b976b53c0,
0x0000026b976b5f70, 0x0000026b976b8d60, 0x0000026b976c6390, 0x0000026b976d1110,
0x0000026b976d5a70, 0x0000026b976e0590, 0x0000026bf924d390, 0x0000026bf924c520,
0x0000026bf924eba0, 0x0000026ba9152af0, 0x0000026ba9150940, 0x0000026ba9151c80,
0x0000026ba9153e30, 0x0000026ba914f600, 0x0000026bcd934270, 0x0000026bcd934c10,
0x0000026bcd934740, 0x0000026be4d4c750
}

Java Threads: ( => current thread )
  0x0000026bf781ce40 JavaThread "main" [_thread_blocked, id=6072, stack(0x000000cb4fcd0000,0x000000cb4fdd0000)]
  0x0000026b97698630 JavaThread "Reference Handler" daemon [_thread_blocked, id=24344, stack(0x000000cb50900000,0x000000cb50a00000)]
  0x0000026b9769b620 JavaThread "Finalizer" daemon [_thread_blocked, id=18096, stack(0x000000cb50a00000,0x000000cb50b00000)]
  0x0000026b976b53c0 JavaThread "Signal Dispatcher" daemon [_thread_blocked, id=14508, stack(0x000000cb50b00000,0x000000cb50c00000)]
  0x0000026b976b5f70 JavaThread "Attach Listener" daemon [_thread_blocked, id=3488, stack(0x000000cb50c00000,0x000000cb50d00000)]
  0x0000026b976b8d60 JavaThread "Service Thread" daemon [_thread_blocked, id=24796, stack(0x000000cb50d00000,0x000000cb50e00000)]
  0x0000026b976c6390 JavaThread "Monitor Deflation Thread" daemon [_thread_blocked, id=23692, stack(0x000000cb50e00000,0x000000cb50f00000)]
  0x0000026b976d1110 JavaThread "C2 CompilerThread0" daemon [_thread_blocked, id=25436, stack(0x000000cb50f00000,0x000000cb51000000)]
  0x0000026b976d5a70 JavaThread "C1 CompilerThread0" daemon [_thread_blocked, id=22372, stack(0x000000cb51000000,0x000000cb51100000)]
  0x0000026b976e0590 JavaThread "Sweeper thread" daemon [_thread_blocked, id=22296, stack(0x000000cb51100000,0x000000cb51200000)]
  0x0000026bf924d390 JavaThread "Notification Thread" daemon [_thread_blocked, id=17912, stack(0x000000cb51200000,0x000000cb51300000)]
  0x0000026bf924c520 JavaThread "Common-Cleaner" daemon [_thread_blocked, id=24916, stack(0x000000cb51400000,0x000000cb51500000)]
  0x0000026bf924eba0 JavaThread "Java2D Disposer" daemon [_thread_blocked, id=4708, stack(0x000000cb51500000,0x000000cb51600000)]
  0x0000026ba9152af0 JavaThread "FileSystemWatchService" daemon [_thread_in_native, id=25800, stack(0x000000cb52ec0000,0x000000cb52fc0000)]
  0x0000026ba9150940 JavaThread "pool-1-thread-1" [_thread_blocked, id=11040, stack(0x000000cb535c0000,0x000000cb536c0000)]
  0x0000026ba9151c80 JavaThread "pool-1-thread-2" [_thread_blocked, id=17708, stack(0x000000cb536c0000,0x000000cb537c0000)]
  0x0000026ba9153e30 JavaThread "pool-1-thread-3" [_thread_blocked, id=9380, stack(0x000000cb537c0000,0x000000cb538c0000)]
  0x0000026ba914f600 JavaThread "pool-1-thread-4" [_thread_blocked, id=26292, stack(0x000000cb538c0000,0x000000cb539c0000)]
  0x0000026bcd934270 JavaThread "VoiceManagerClient" [_thread_blocked, id=19980, stack(0x000000cb53bc0000,0x000000cb53cc0000)]
  0x0000026bcd934c10 JavaThread "Thread-1" [_thread_in_native, id=25864, stack(0x000000cb52400000,0x000000cb52500000)]
  0x0000026bcd934740 JavaThread "AWT-Shutdown" [_thread_blocked, id=19696, stack(0x000000cb50000000,0x000000cb50100000)]
  0x0000026be4d4c750 JavaThread "C2 CompilerThread1" daemon [_thread_blocked, id=20416, stack(0x000000cb50100000,0x000000cb50200000)]

Other Threads:
=>0x0000026b97694fd0 VMThread "VM Thread" [stack: 0x000000cb50800000,0x000000cb50900000] [id=26596]
  0x0000026bf929dd50 GCTaskThread "GC Thread#0" [stack: 0x000000cb50300000,0x000000cb50400000] [id=24240]
  0x0000026b989f0330 GCTaskThread "GC Thread#1" [stack: 0x000000cb51600000,0x000000cb51700000] [id=27036]
  0x0000026b989f05e0 GCTaskThread "GC Thread#2" [stack: 0x000000cb51700000,0x000000cb51800000] [id=12084]
  0x0000026b989f0890 GCTaskThread "GC Thread#3" [stack: 0x000000cb51800000,0x000000cb51900000] [id=1860]
  0x0000026b98710e10 GCTaskThread "GC Thread#4" [stack: 0x000000cb51900000,0x000000cb51a00000] [id=7128]
  0x0000026b987110c0 GCTaskThread "GC Thread#5" [stack: 0x000000cb51a00000,0x000000cb51b00000] [id=18164]
  0x0000026b98ae0c90 GCTaskThread "GC Thread#6" [stack: 0x000000cb51b00000,0x000000cb51c00000] [id=26024]
  0x0000026b9bd67f50 GCTaskThread "GC Thread#7" [stack: 0x000000cb52fc0000,0x000000cb530c0000] [id=2144]
  0x0000026b9bd66720 GCTaskThread "GC Thread#8" [stack: 0x000000cb530c0000,0x000000cb531c0000] [id=22912]
  0x0000026b9bd67740 GCTaskThread "GC Thread#9" [stack: 0x000000cb531c0000,0x000000cb532c0000] [id=21876]
  0x0000026bf92acda0 ConcurrentGCThread "G1 Main Marker" terminated
  0x0000026bf92adca0 ConcurrentGCThread "G1 Conc#0" [stack: 0x000000cb50500000,0x000000cb50600000] [id=10456]
  0x0000026b9bd66c80 ConcurrentGCThread "G1 Conc#1" [stack: 0x000000cb532c0000,0x000000cb533c0000] [id=6912]
  0x0000026b9bd679f0 ConcurrentGCThread "G1 Conc#2" [stack: 0x000000cb533c0000,0x000000cb534c0000] [id=24472]
  0x0000026bf938b200 ConcurrentGCThread "G1 Refine#0" terminated
  0x0000026ba111c700 ConcurrentGCThread "G1 Refine#1" terminated
  0x0000026ba111ccc0 ConcurrentGCThread "G1 Refine#2" terminated
  0x0000026ba111bb80 ConcurrentGCThread "G1 Refine#3" terminated
  0x0000026ba111c420 ConcurrentGCThread "G1 Refine#4" terminated
  0x0000026bf938cad0 ConcurrentGCThread "G1 Service" terminated

Threads with active compile tasks:

VM state: at safepoint (shutting down)

VM Mutex/Monitor currently owned by a thread:  ([mutex/lock_event])
[0x0000026bf925ad00] Threads_lock - owner thread: 0x0000026b97694fd0
[0x0000026bf925c4a0] Heap_lock - owner thread: 0x0000026bf781ce40

Heap address: 0x0000000740000000, size: 3072 MB, Compressed Oops mode: Zero based, Oop shift amount: 3

CDS archive(s) mapped at: [0x0000000800000000-0x0000000800a60000-0x0000000800a60000), size 10878976, SharedBaseAddress: 0x0000000800000000, ArchiveRelocationMode: 0.
Compressed class space mapped at: 0x0000000800c00000-0x0000000840c00000, reserved size: 1073741824
Narrow klass base: 0x0000000800000000, Narrow klass shift: 0, Narrow klass range: 0x100000000

GC Precious Log:
 CPUs: 12 total, 12 available
 Memory: 16178M
 Large Page Support: Disabled
 NUMA Support: Disabled
 Compressed Oops: Enabled (Zero based)
 Heap Region Size: 2M
 Heap Min Capacity: 8M
 Heap Initial Capacity: 254M
 Heap Max Capacity: 3G
 Pre-touch: Disabled
 Parallel Workers: 10
 Concurrent Workers: 3
 Concurrent Refinement Workers: 10
 Periodic GC: Disabled

Heap:
 garbage-first heap   total 522240K, used 395284K [0x0000000740000000, 0x0000000800000000)
  region size 2048K, 2 young (4096K), 1 survivors (2048K)
 Metaspace       used 36823K, committed 37440K, reserved 1089536K
  class space    used 3369K, committed 3648K, reserved 1048576K

Heap Regions: E=young(eden), S=young(survivor), O=old, HS=humongous(starts), HC=humongous(continues), CS=collection set, F=free, OA=open archive, CA=closed archive, TAMS=top-at-mark-start (previous, next)
|   0|0x0000000740000000, 0x0000000740200000, 0x0000000740200000|100%|HS|  |TAMS 0x0000000740200000, 0x0000000740000000| Complete 
|   1|0x0000000740200000, 0x0000000740400000, 0x0000000740400000|100%|HC|  |TAMS 0x0000000740400000, 0x0000000740200000| Complete 
|   2|0x0000000740400000, 0x0000000740600000, 0x0000000740600000|100%| O|  |TAMS 0x0000000740600000, 0x0000000740400000| Untracked 
|   3|0x0000000740600000, 0x0000000740800000, 0x0000000740800000|100%| O|  |TAMS 0x0000000740800000, 0x0000000740600000| Untracked 
|   4|0x0000000740800000, 0x0000000740a00000, 0x0000000740a00000|100%| O|  |TAMS 0x0000000740a00000, 0x0000000740800000| Untracked 
|   5|0x0000000740a00000, 0x0000000740c00000, 0x0000000740c00000|100%| O|  |TAMS 0x0000000740c00000, 0x0000000740a00000| Untracked 
|   6|0x0000000740c00000, 0x0000000740e00000, 0x0000000740e00000|100%| O|  |TAMS 0x0000000740e00000, 0x0000000740c00000| Untracked 
|   7|0x0000000740e00000, 0x0000000741000000, 0x0000000741000000|100%| O|  |TAMS 0x0000000741000000, 0x0000000740e00000| Untracked 
|   8|0x0000000741000000, 0x0000000741200000, 0x0000000741200000|100%| O|  |TAMS 0x0000000741200000, 0x0000000741000000| Untracked 
|   9|0x0000000741200000, 0x0000000741400000, 0x0000000741400000|100%| O|  |TAMS 0x0000000741400000, 0x0000000741200000| Untracked 
|  10|0x0000000741400000, 0x0000000741600000, 0x0000000741600000|100%| O|  |TAMS 0x0000000741600000, 0x0000000741400000| Untracked 
|  11|0x0000000741600000, 0x0000000741800000, 0x0000000741800000|100%| O|  |TAMS 0x0000000741800000, 0x0000000741600000| Untracked 
|  12|0x0000000741800000, 0x0000000741a00000, 0x0000000741a00000|100%| O|  |TAMS 0x0000000741a00000, 0x0000000741800000| Untracked 
|  13|0x0000000741a00000, 0x0000000741c00000, 0x0000000741c00000|100%| O|  |TAMS 0x0000000741c00000, 0x0000000741a00000| Untracked 
|  14|0x0000000741c00000, 0x0000000741e00000, 0x0000000741e00000|100%| O|  |TAMS 0x0000000741e00000, 0x0000000741c00000| Untracked 
|  15|0x0000000741e00000, 0x0000000742000000, 0x0000000742000000|100%| O|  |TAMS 0x0000000742000000, 0x0000000741e00000| Untracked 
|  16|0x0000000742000000, 0x0000000742200000, 0x0000000742200000|100%| O|  |TAMS 0x0000000742200000, 0x0000000742000000| Untracked 
|  17|0x0000000742200000, 0x0000000742400000, 0x0000000742400000|100%| O|  |TAMS 0x0000000742400000, 0x0000000742200000| Untracked 
|  18|0x0000000742400000, 0x0000000742600000, 0x0000000742600000|100%| O|  |TAMS 0x0000000742600000, 0x0000000742400000| Untracked 
|  19|0x0000000742600000, 0x0000000742800000, 0x0000000742800000|100%| O|  |TAMS 0x0000000742800000, 0x0000000742600000| Untracked 
|  20|0x0000000742800000, 0x0000000742a00000, 0x0000000742a00000|100%| O|  |TAMS 0x0000000742a00000, 0x0000000742800000| Untracked 
|  21|0x0000000742a00000, 0x0000000742c00000, 0x0000000742c00000|100%| O|  |TAMS 0x0000000742c00000, 0x0000000742a00000| Untracked 
|  22|0x0000000742c00000, 0x0000000742e00000, 0x0000000742e00000|100%| O|  |TAMS 0x0000000742e00000, 0x0000000742c00000| Untracked 
|  23|0x0000000742e00000, 0x0000000743000000, 0x0000000743000000|100%| O|  |TAMS 0x0000000743000000, 0x0000000742e00000| Untracked 
|  24|0x0000000743000000, 0x0000000743200000, 0x0000000743200000|100%| O|  |TAMS 0x0000000743200000, 0x0000000743000000| Untracked 
|  25|0x0000000743200000, 0x0000000743400000, 0x0000000743400000|100%| O|  |TAMS 0x0000000743400000, 0x0000000743200000| Untracked 
|  26|0x0000000743400000, 0x0000000743600000, 0x0000000743600000|100%| O|  |TAMS 0x0000000743600000, 0x0000000743400000| Untracked 
|  27|0x0000000743600000, 0x0000000743800000, 0x0000000743800000|100%|HS|  |TAMS 0x0000000743800000, 0x0000000743600000| Complete 
|  28|0x0000000743800000, 0x0000000743a00000, 0x0000000743a00000|100%|HC|  |TAMS 0x0000000743a00000, 0x0000000743800000| Complete 
|  29|0x0000000743a00000, 0x0000000743c00000, 0x0000000743c00000|100%|HC|  |TAMS 0x0000000743c00000, 0x0000000743a00000| Complete 
|  30|0x0000000743c00000, 0x0000000743e00000, 0x0000000743e00000|100%|HC|  |TAMS 0x0000000743e00000, 0x0000000743c00000| Complete 
|  31|0x0000000743e00000, 0x0000000744000000, 0x0000000744000000|100%|HC|  |TAMS 0x0000000744000000, 0x0000000743e00000| Complete 
|  32|0x0000000744000000, 0x0000000744200000, 0x0000000744200000|100%|HC|  |TAMS 0x0000000744200000, 0x0000000744000000| Complete 
|  33|0x0000000744200000, 0x0000000744400000, 0x0000000744400000|100%| O|  |TAMS 0x0000000744400000, 0x0000000744200000| Untracked 
|  34|0x0000000744400000, 0x0000000744600000, 0x0000000744600000|100%| O|  |TAMS 0x0000000744600000, 0x0000000744400000| Untracked 
|  35|0x0000000744600000, 0x0000000744800000, 0x0000000744800000|100%| O|  |TAMS 0x0000000744800000, 0x0000000744600000| Untracked 
|  36|0x0000000744800000, 0x0000000744a00000, 0x0000000744a00000|100%| O|  |TAMS 0x0000000744a00000, 0x0000000744800000| Untracked 
|  37|0x0000000744a00000, 0x0000000744c00000, 0x0000000744c00000|100%| O|  |TAMS 0x0000000744c00000, 0x0000000744a00000| Untracked 
|  38|0x0000000744c00000, 0x0000000744e00000, 0x0000000744e00000|100%| O|  |TAMS 0x0000000744e00000, 0x0000000744c00000| Untracked 
|  39|0x0000000744e00000, 0x0000000745000000, 0x0000000745000000|100%| O|  |TAMS 0x0000000745000000, 0x0000000744e00000| Untracked 
|  40|0x0000000745000000, 0x0000000745200000, 0x0000000745200000|100%| O|  |TAMS 0x0000000745200000, 0x0000000745000000| Untracked 
|  41|0x0000000745200000, 0x0000000745400000, 0x0000000745400000|100%| O|  |TAMS 0x0000000745400000, 0x0000000745200000| Untracked 
|  42|0x0000000745400000, 0x0000000745600000, 0x0000000745600000|100%| O|  |TAMS 0x0000000745600000, 0x0000000745400000| Untracked 
|  43|0x0000000745600000, 0x0000000745800000, 0x0000000745800000|100%| O|  |TAMS 0x0000000745800000, 0x0000000745600000| Untracked 
|  44|0x0000000745800000, 0x0000000745a00000, 0x0000000745a00000|100%| O|  |TAMS 0x0000000745a00000, 0x0000000745800000| Untracked 
|  45|0x0000000745a00000, 0x0000000745c00000, 0x0000000745c00000|100%| O|  |TAMS 0x0000000745c00000, 0x0000000745a00000| Untracked 
|  46|0x0000000745c00000, 0x0000000745e00000, 0x0000000745e00000|100%| O|  |TAMS 0x0000000745e00000, 0x0000000745c00000| Untracked 
|  47|0x0000000745e00000, 0x0000000746000000, 0x0000000746000000|100%| O|  |TAMS 0x0000000746000000, 0x0000000745e00000| Untracked 
|  48|0x0000000746000000, 0x0000000746200000, 0x0000000746200000|100%| O|  |TAMS 0x0000000746200000, 0x0000000746000000| Untracked 
|  49|0x0000000746200000, 0x0000000746400000, 0x0000000746400000|100%| O|  |TAMS 0x0000000746400000, 0x0000000746200000| Untracked 
|  50|0x0000000746400000, 0x0000000746600000, 0x0000000746600000|100%| O|  |TAMS 0x0000000746600000, 0x0000000746400000| Untracked 
|  51|0x0000000746600000, 0x0000000746800000, 0x0000000746800000|100%| O|  |TAMS 0x0000000746800000, 0x0000000746600000| Untracked 
|  52|0x0000000746800000, 0x0000000746a00000, 0x0000000746a00000|100%| O|  |TAMS 0x0000000746a00000, 0x0000000746800000| Untracked 
|  53|0x0000000746a00000, 0x0000000746c00000, 0x0000000746c00000|100%| O|  |TAMS 0x0000000746c00000, 0x0000000746a00000| Untracked 
|  54|0x0000000746c00000, 0x0000000746e00000, 0x0000000746e00000|100%| O|  |TAMS 0x0000000746e00000, 0x0000000746c00000| Untracked 
|  55|0x0000000746e00000, 0x0000000747000000, 0x0000000747000000|100%| O|  |TAMS 0x0000000747000000, 0x0000000746e00000| Untracked 
|  56|0x0000000747000000, 0x0000000747200000, 0x0000000747200000|100%| O|  |TAMS 0x0000000747200000, 0x0000000747000000| Untracked 
|  57|0x0000000747200000, 0x0000000747400000, 0x0000000747400000|100%| O|  |TAMS 0x0000000747400000, 0x0000000747200000| Untracked 
|  58|0x0000000747400000, 0x0000000747600000, 0x0000000747600000|100%| O|  |TAMS 0x0000000747600000, 0x0000000747400000| Untracked 
|  59|0x0000000747600000, 0x0000000747800000, 0x0000000747800000|100%| O|  |TAMS 0x0000000747800000, 0x0000000747600000| Untracked 
|  60|0x0000000747800000, 0x0000000747a00000, 0x0000000747a00000|100%| O|  |TAMS 0x0000000747a00000, 0x0000000747800000| Untracked 
|  61|0x0000000747a00000, 0x0000000747c00000, 0x0000000747c00000|100%| O|  |TAMS 0x0000000747c00000, 0x0000000747a00000| Untracked 
|  62|0x0000000747c00000, 0x0000000747e00000, 0x0000000747e00000|100%| O|  |TAMS 0x0000000747e00000, 0x0000000747c00000| Untracked 
|  63|0x0000000747e00000, 0x0000000748000000, 0x0000000748000000|100%| O|  |TAMS 0x0000000748000000, 0x0000000747e00000| Untracked 
|  64|0x0000000748000000, 0x0000000748200000, 0x0000000748200000|100%| O|  |TAMS 0x0000000748200000, 0x0000000748000000| Untracked 
|  65|0x0000000748200000, 0x0000000748400000, 0x0000000748400000|100%| O|  |TAMS 0x0000000748400000, 0x0000000748200000| Untracked 
|  66|0x0000000748400000, 0x0000000748600000, 0x0000000748600000|100%| O|  |TAMS 0x0000000748600000, 0x0000000748400000| Untracked 
|  67|0x0000000748600000, 0x0000000748800000, 0x0000000748800000|100%| O|  |TAMS 0x0000000748800000, 0x0000000748600000| Untracked 
|  68|0x0000000748800000, 0x0000000748a00000, 0x0000000748a00000|100%| O|  |TAMS 0x0000000748a00000, 0x0000000748800000| Untracked 
|  69|0x0000000748a00000, 0x0000000748c00000, 0x0000000748c00000|100%| O|  |TAMS 0x0000000748c00000, 0x0000000748a00000| Untracked 
|  70|0x0000000748c00000, 0x0000000748e00000, 0x0000000748e00000|100%| O|  |TAMS 0x0000000748e00000, 0x0000000748c00000| Untracked 
|  71|0x0000000748e00000, 0x0000000749000000, 0x0000000749000000|100%| O|  |TAMS 0x0000000749000000, 0x0000000748e00000| Untracked 
|  72|0x0000000749000000, 0x0000000749200000, 0x0000000749200000|100%| O|  |TAMS 0x0000000749200000, 0x0000000749000000| Untracked 
|  73|0x0000000749200000, 0x0000000749400000, 0x0000000749400000|100%| O|  |TAMS 0x0000000749400000, 0x0000000749200000| Untracked 
|  74|0x0000000749400000, 0x0000000749600000, 0x0000000749600000|100%| O|  |TAMS 0x0000000749600000, 0x0000000749400000| Untracked 
|  75|0x0000000749600000, 0x0000000749800000, 0x0000000749800000|100%| O|  |TAMS 0x0000000749800000, 0x0000000749600000| Untracked 
|  76|0x0000000749800000, 0x0000000749a00000, 0x0000000749a00000|100%| O|  |TAMS 0x0000000749800000, 0x0000000749800000| Untracked 
|  77|0x0000000749a00000, 0x0000000749c00000, 0x0000000749c00000|100%| O|  |TAMS 0x0000000749c00000, 0x0000000749a00000| Untracked 
|  78|0x0000000749c00000, 0x0000000749e00000, 0x0000000749e00000|100%| O|  |TAMS 0x0000000749c00000, 0x0000000749c00000| Untracked 
|  79|0x0000000749e00000, 0x000000074a000000, 0x000000074a000000|100%| O|  |TAMS 0x000000074a000000, 0x0000000749e00000| Untracked 
|  80|0x000000074a000000, 0x000000074a200000, 0x000000074a200000|100%| O|  |TAMS 0x000000074a200000, 0x000000074a000000| Untracked 
|  81|0x000000074a200000, 0x000000074a400000, 0x000000074a400000|100%| O|  |TAMS 0x000000074a400000, 0x000000074a200000| Untracked 
|  82|0x000000074a400000, 0x000000074a600000, 0x000000074a600000|100%| O|  |TAMS 0x000000074a600000, 0x000000074a400000| Untracked 
|  83|0x000000074a600000, 0x000000074a800000, 0x000000074a800000|100%| O|  |TAMS 0x000000074a800000, 0x000000074a600000| Untracked 
|  84|0x000000074a800000, 0x000000074aa00000, 0x000000074aa00000|100%| O|  |TAMS 0x000000074aa00000, 0x000000074a800000| Untracked 
|  85|0x000000074aa00000, 0x000000074ac00000, 0x000000074ac00000|100%| O|  |TAMS 0x000000074ac00000, 0x000000074aa00000| Untracked 
|  86|0x000000074ac00000, 0x000000074ae00000, 0x000000074ae00000|100%| O|  |TAMS 0x000000074ae00000, 0x000000074ac00000| Untracked 
|  87|0x000000074ae00000, 0x000000074b000000, 0x000000074b000000|100%| O|  |TAMS 0x000000074b000000, 0x000000074ae00000| Untracked 
|  88|0x000000074b000000, 0x000000074b200000, 0x000000074b200000|100%| O|  |TAMS 0x000000074b200000, 0x000000074b000000| Untracked 
|  89|0x000000074b200000, 0x000000074b400000, 0x000000074b400000|100%| O|  |TAMS 0x000000074b400000, 0x000000074b200000| Untracked 
|  90|0x000000074b400000, 0x000000074b600000, 0x000000074b600000|100%| O|  |TAMS 0x000000074b600000, 0x000000074b400000| Untracked 
|  91|0x000000074b600000, 0x000000074b800000, 0x000000074b800000|100%| O|  |TAMS 0x000000074b800000, 0x000000074b600000| Untracked 
|  92|0x000000074b800000, 0x000000074ba00000, 0x000000074ba00000|100%| O|  |TAMS 0x000000074ba00000, 0x000000074b800000| Untracked 
|  93|0x000000074ba00000, 0x000000074bc00000, 0x000000074bc00000|100%| O|  |TAMS 0x000000074bc00000, 0x000000074ba00000| Untracked 
|  94|0x000000074bc00000, 0x000000074be00000, 0x000000074be00000|100%| O|  |TAMS 0x000000074be00000, 0x000000074bc00000| Untracked 
|  95|0x000000074be00000, 0x000000074c000000, 0x000000074c000000|100%| O|  |TAMS 0x000000074c000000, 0x000000074be00000| Untracked 
|  96|0x000000074c000000, 0x000000074c200000, 0x000000074c200000|100%| O|  |TAMS 0x000000074c200000, 0x000000074c000000| Untracked 
|  97|0x000000074c200000, 0x000000074c400000, 0x000000074c400000|100%| O|  |TAMS 0x000000074c400000, 0x000000074c200000| Untracked 
|  98|0x000000074c400000, 0x000000074c600000, 0x000000074c600000|100%| O|  |TAMS 0x000000074c600000, 0x000000074c400000| Untracked 
|  99|0x000000074c600000, 0x000000074c800000, 0x000000074c800000|100%| O|  |TAMS 0x000000074c800000, 0x000000074c600000| Untracked 
| 100|0x000000074c800000, 0x000000074ca00000, 0x000000074ca00000|100%| O|  |TAMS 0x000000074c800000, 0x000000074c800000| Untracked 
| 101|0x000000074ca00000, 0x000000074cc00000, 0x000000074cc00000|100%| O|  |TAMS 0x000000074cc00000, 0x000000074ca00000| Untracked 
| 102|0x000000074cc00000, 0x000000074ce00000, 0x000000074ce00000|100%| O|  |TAMS 0x000000074ce00000, 0x000000074cc00000| Untracked 
| 103|0x000000074ce00000, 0x000000074d000000, 0x000000074d000000|100%| O|  |TAMS 0x000000074d000000, 0x000000074ce00000| Untracked 
| 104|0x000000074d000000, 0x000000074d200000, 0x000000074d200000|100%| O|  |TAMS 0x000000074d200000, 0x000000074d000000| Untracked 
| 105|0x000000074d200000, 0x000000074d400000, 0x000000074d400000|100%| O|  |TAMS 0x000000074d400000, 0x000000074d200000| Untracked 
| 106|0x000000074d400000, 0x000000074d600000, 0x000000074d600000|100%| O|  |TAMS 0x000000074d600000, 0x000000074d400000| Untracked 
| 107|0x000000074d600000, 0x000000074d800000, 0x000000074d800000|100%| O|  |TAMS 0x000000074d600000, 0x000000074d600000| Untracked 
| 108|0x000000074d800000, 0x000000074da00000, 0x000000074da00000|100%| O|  |TAMS 0x000000074da00000, 0x000000074d800000| Untracked 
| 109|0x000000074da00000, 0x000000074dc00000, 0x000000074dc00000|100%| O|  |TAMS 0x000000074dc00000, 0x000000074da00000| Untracked 
| 110|0x000000074dc00000, 0x000000074de00000, 0x000000074de00000|100%| O|  |TAMS 0x000000074de00000, 0x000000074dc00000| Untracked 
| 111|0x000000074de00000, 0x000000074e000000, 0x000000074e000000|100%| O|  |TAMS 0x000000074e000000, 0x000000074de00000| Untracked 
| 112|0x000000074e000000, 0x000000074e200000, 0x000000074e200000|100%| O|  |TAMS 0x000000074e200000, 0x000000074e000000| Untracked 
| 113|0x000000074e200000, 0x000000074e400000, 0x000000074e400000|100%| O|  |TAMS 0x000000074e400000, 0x000000074e200000| Untracked 
| 114|0x000000074e400000, 0x000000074e600000, 0x000000074e600000|100%| O|  |TAMS 0x000000074e600000, 0x000000074e400000| Untracked 
| 115|0x000000074e600000, 0x000000074e800000, 0x000000074e800000|100%| O|  |TAMS 0x000000074e800000, 0x000000074e600000| Untracked 
| 116|0x000000074e800000, 0x000000074ea00000, 0x000000074ea00000|100%| O|  |TAMS 0x000000074ea00000, 0x000000074e800000| Untracked 
| 117|0x000000074ea00000, 0x000000074ec00000, 0x000000074ec00000|100%| O|  |TAMS 0x000000074ec00000, 0x000000074ea00000| Untracked 
| 118|0x000000074ec00000, 0x000000074ee00000, 0x000000074ee00000|100%| O|  |TAMS 0x000000074ee00000, 0x000000074ec00000| Untracked 
| 119|0x000000074ee00000, 0x000000074f000000, 0x000000074f000000|100%| O|  |TAMS 0x000000074efe9c00, 0x000000074ee00000| Untracked 
| 120|0x000000074f000000, 0x000000074f200000, 0x000000074f200000|100%| O|  |TAMS 0x000000074f000000, 0x000000074f000000| Untracked 
| 121|0x000000074f200000, 0x000000074f400000, 0x000000074f400000|100%| O|  |TAMS 0x000000074f200000, 0x000000074f200000| Untracked 
| 122|0x000000074f400000, 0x000000074f600000, 0x000000074f600000|100%| O|  |TAMS 0x000000074f400000, 0x000000074f400000| Untracked 
| 123|0x000000074f600000, 0x000000074f800000, 0x000000074f800000|100%| O|  |TAMS 0x000000074f600000, 0x000000074f600000| Untracked 
| 124|0x000000074f800000, 0x000000074fa00000, 0x000000074fa00000|100%| O|  |TAMS 0x000000074f800000, 0x000000074f800000| Untracked 
| 125|0x000000074fa00000, 0x000000074fc00000, 0x000000074fc00000|100%| O|  |TAMS 0x000000074fa00000, 0x000000074fa00000| Untracked 
| 126|0x000000074fc00000, 0x000000074fe00000, 0x000000074fe00000|100%| O|  |TAMS 0x000000074fc00000, 0x000000074fc00000| Untracked 
| 127|0x000000074fe00000, 0x0000000750000000, 0x0000000750000000|100%| O|  |TAMS 0x000000074fe00000, 0x000000074fe00000| Untracked 
| 128|0x0000000750000000, 0x0000000750200000, 0x0000000750200000|100%| O|  |TAMS 0x0000000750000000, 0x0000000750000000| Untracked 
| 129|0x0000000750200000, 0x0000000750400000, 0x0000000750400000|100%| O|  |TAMS 0x0000000750200000, 0x0000000750200000| Untracked 
| 130|0x0000000750400000, 0x0000000750600000, 0x0000000750600000|100%| O|  |TAMS 0x0000000750400000, 0x0000000750400000| Untracked 
| 131|0x0000000750600000, 0x0000000750800000, 0x0000000750800000|100%| O|  |TAMS 0x0000000750600000, 0x0000000750600000| Untracked 
| 132|0x0000000750800000, 0x0000000750a00000, 0x0000000750a00000|100%| O|  |TAMS 0x0000000750800000, 0x0000000750800000| Untracked 
| 133|0x0000000750a00000, 0x0000000750c00000, 0x0000000750c00000|100%| O|  |TAMS 0x0000000750a00000, 0x0000000750a00000| Untracked 
| 134|0x0000000750c00000, 0x0000000750e00000, 0x0000000750e00000|100%| O|  |TAMS 0x0000000750c00000, 0x0000000750c00000| Untracked 
| 135|0x0000000750e00000, 0x0000000751000000, 0x0000000751000000|100%| O|  |TAMS 0x0000000750e00000, 0x0000000750e00000| Untracked 
| 136|0x0000000751000000, 0x0000000751200000, 0x0000000751200000|100%| O|  |TAMS 0x0000000751000000, 0x0000000751000000| Untracked 
| 137|0x0000000751200000, 0x0000000751400000, 0x0000000751400000|100%| O|  |TAMS 0x0000000751200000, 0x0000000751200000| Untracked 
| 138|0x0000000751400000, 0x0000000751600000, 0x0000000751600000|100%| O|  |TAMS 0x0000000751400000, 0x0000000751400000| Untracked 
| 139|0x0000000751600000, 0x0000000751800000, 0x0000000751800000|100%| O|  |TAMS 0x0000000751600000, 0x0000000751600000| Untracked 
| 140|0x0000000751800000, 0x0000000751a00000, 0x0000000751a00000|100%| O|  |TAMS 0x0000000751800000, 0x0000000751800000| Untracked 
| 141|0x0000000751a00000, 0x0000000751c00000, 0x0000000751c00000|100%| O|  |TAMS 0x0000000751a00000, 0x0000000751a00000| Untracked 
| 142|0x0000000751c00000, 0x0000000751e00000, 0x0000000751e00000|100%| O|  |TAMS 0x0000000751c00000, 0x0000000751c00000| Untracked 
| 143|0x0000000751e00000, 0x0000000752000000, 0x0000000752000000|100%| O|  |TAMS 0x0000000751e00000, 0x0000000751e00000| Untracked 
| 144|0x0000000752000000, 0x0000000752200000, 0x0000000752200000|100%| O|  |TAMS 0x0000000752000000, 0x0000000752000000| Untracked 
| 145|0x0000000752200000, 0x0000000752400000, 0x0000000752400000|100%| O|  |TAMS 0x0000000752200000, 0x0000000752200000| Untracked 
| 146|0x0000000752400000, 0x0000000752600000, 0x0000000752600000|100%| O|  |TAMS 0x0000000752400000, 0x0000000752400000| Untracked 
| 147|0x0000000752600000, 0x0000000752800000, 0x0000000752800000|100%| O|  |TAMS 0x0000000752600000, 0x0000000752600000| Untracked 
| 148|0x0000000752800000, 0x0000000752a00000, 0x0000000752a00000|100%| O|  |TAMS 0x0000000752800000, 0x0000000752800000| Untracked 
| 149|0x0000000752a00000, 0x0000000752c00000, 0x0000000752c00000|100%| O|  |TAMS 0x0000000752a00000, 0x0000000752a00000| Untracked 
| 150|0x0000000752c00000, 0x0000000752e00000, 0x0000000752e00000|100%| O|  |TAMS 0x0000000752c00000, 0x0000000752c00000| Untracked 
| 151|0x0000000752e00000, 0x0000000753000000, 0x0000000753000000|100%| O|  |TAMS 0x0000000752e00000, 0x0000000752e00000| Untracked 
| 152|0x0000000753000000, 0x0000000753200000, 0x0000000753200000|100%| O|  |TAMS 0x0000000753000000, 0x0000000753000000| Untracked 
| 153|0x0000000753200000, 0x0000000753400000, 0x0000000753400000|100%| O|  |TAMS 0x0000000753200000, 0x0000000753200000| Untracked 
| 154|0x0000000753400000, 0x0000000753600000, 0x0000000753600000|100%| O|  |TAMS 0x0000000753400000, 0x0000000753400000| Untracked 
| 155|0x0000000753600000, 0x0000000753800000, 0x0000000753800000|100%| O|  |TAMS 0x0000000753600000, 0x0000000753600000| Untracked 
| 156|0x0000000753800000, 0x0000000753a00000, 0x0000000753a00000|100%| O|  |TAMS 0x0000000753800000, 0x0000000753800000| Untracked 
| 157|0x0000000753a00000, 0x0000000753c00000, 0x0000000753c00000|100%| O|  |TAMS 0x0000000753a00000, 0x0000000753a00000| Untracked 
| 158|0x0000000753c00000, 0x0000000753e00000, 0x0000000753e00000|100%| O|  |TAMS 0x0000000753c00000, 0x0000000753c00000| Untracked 
| 159|0x0000000753e00000, 0x0000000754000000, 0x0000000754000000|100%| O|  |TAMS 0x0000000753e00000, 0x0000000753e00000| Untracked 
| 160|0x0000000754000000, 0x0000000754200000, 0x0000000754200000|100%| O|  |TAMS 0x0000000754000000, 0x0000000754000000| Untracked 
| 161|0x0000000754200000, 0x0000000754400000, 0x0000000754400000|100%| O|  |TAMS 0x0000000754200000, 0x0000000754200000| Untracked 
| 162|0x0000000754400000, 0x0000000754600000, 0x0000000754600000|100%| O|  |TAMS 0x0000000754400000, 0x0000000754400000| Untracked 
| 163|0x0000000754600000, 0x0000000754800000, 0x0000000754800000|100%| O|  |TAMS 0x0000000754600000, 0x0000000754600000| Untracked 
| 164|0x0000000754800000, 0x0000000754a00000, 0x0000000754a00000|100%| O|  |TAMS 0x0000000754800000, 0x0000000754800000| Untracked 
| 165|0x0000000754a00000, 0x0000000754c00000, 0x0000000754c00000|100%| O|  |TAMS 0x0000000754a00000, 0x0000000754a00000| Untracked 
| 166|0x0000000754c00000, 0x0000000754e00000, 0x0000000754e00000|100%| O|  |TAMS 0x0000000754c00000, 0x0000000754c00000| Untracked 
| 167|0x0000000754e00000, 0x0000000755000000, 0x0000000755000000|100%| O|  |TAMS 0x0000000754e00000, 0x0000000754e00000| Untracked 
| 168|0x0000000755000000, 0x0000000755200000, 0x0000000755200000|100%| O|  |TAMS 0x0000000755000000, 0x0000000755000000| Untracked 
| 169|0x0000000755200000, 0x0000000755400000, 0x0000000755400000|100%| O|  |TAMS 0x0000000755200000, 0x0000000755200000| Untracked 
| 170|0x0000000755400000, 0x0000000755600000, 0x0000000755600000|100%| O|  |TAMS 0x0000000755400000, 0x0000000755400000| Untracked 
| 171|0x0000000755600000, 0x0000000755800000, 0x0000000755800000|100%| O|  |TAMS 0x0000000755600000, 0x0000000755600000| Untracked 
| 172|0x0000000755800000, 0x0000000755a00000, 0x0000000755a00000|100%| O|  |TAMS 0x0000000755800000, 0x0000000755800000| Untracked 
| 173|0x0000000755a00000, 0x0000000755c00000, 0x0000000755c00000|100%| O|  |TAMS 0x0000000755a00000, 0x0000000755a00000| Untracked 
| 174|0x0000000755c00000, 0x0000000755e00000, 0x0000000755e00000|100%| O|  |TAMS 0x0000000755c00000, 0x0000000755c00000| Untracked 
| 175|0x0000000755e00000, 0x0000000756000000, 0x0000000756000000|100%| O|  |TAMS 0x0000000755e00000, 0x0000000755e00000| Untracked 
| 176|0x0000000756000000, 0x0000000756200000, 0x0000000756200000|100%| O|  |TAMS 0x0000000756000000, 0x0000000756000000| Untracked 
| 177|0x0000000756200000, 0x0000000756400000, 0x0000000756400000|100%| O|  |TAMS 0x0000000756200000, 0x0000000756200000| Untracked 
| 178|0x0000000756400000, 0x0000000756600000, 0x0000000756600000|100%| O|  |TAMS 0x0000000756400000, 0x0000000756400000| Untracked 
| 179|0x0000000756600000, 0x0000000756800000, 0x0000000756800000|100%| O|  |TAMS 0x0000000756600000, 0x0000000756600000| Untracked 
| 180|0x0000000756800000, 0x0000000756a00000, 0x0000000756a00000|100%| O|  |TAMS 0x0000000756800000, 0x0000000756800000| Untracked 
| 181|0x0000000756a00000, 0x0000000756c00000, 0x0000000756c00000|100%| O|  |TAMS 0x0000000756a00000, 0x0000000756a00000| Untracked 
| 182|0x0000000756c00000, 0x0000000756e00000, 0x0000000756e00000|100%| O|  |TAMS 0x0000000756c00000, 0x0000000756c00000| Untracked 
| 183|0x0000000756e00000, 0x0000000757000000, 0x0000000757000000|100%| O|  |TAMS 0x0000000756e00000, 0x0000000756e00000| Untracked 
| 184|0x0000000757000000, 0x0000000757200000, 0x0000000757200000|100%| O|  |TAMS 0x0000000757000000, 0x0000000757000000| Untracked 
| 185|0x0000000757200000, 0x0000000757400000, 0x0000000757400000|100%| O|  |TAMS 0x0000000757200000, 0x0000000757200000| Untracked 
| 186|0x0000000757400000, 0x0000000757600000, 0x0000000757600000|100%| O|  |TAMS 0x0000000757400000, 0x0000000757400000| Untracked 
| 187|0x0000000757600000, 0x00000007577cfe00, 0x0000000757800000| 90%| O|  |TAMS 0x0000000757600000, 0x0000000757600000| Untracked 
| 188|0x0000000757800000, 0x0000000757800000, 0x0000000757a00000|  0%| F|  |TAMS 0x0000000757800000, 0x0000000757800000| Untracked 
| 189|0x0000000757a00000, 0x0000000757a00000, 0x0000000757c00000|  0%| F|  |TAMS 0x0000000757a00000, 0x0000000757a00000| Untracked 
| 190|0x0000000757c00000, 0x0000000757c00000, 0x0000000757e00000|  0%| F|  |TAMS 0x0000000757c00000, 0x0000000757c00000| Untracked 
| 191|0x0000000757e00000, 0x0000000757e00000, 0x0000000758000000|  0%| F|  |TAMS 0x0000000757e00000, 0x0000000757e00000| Untracked 
| 192|0x0000000758000000, 0x0000000758000000, 0x0000000758200000|  0%| F|  |TAMS 0x0000000758000000, 0x0000000758000000| Untracked 
| 193|0x0000000758200000, 0x0000000758200000, 0x0000000758400000|  0%| F|  |TAMS 0x0000000758200000, 0x0000000758200000| Untracked 
| 194|0x0000000758400000, 0x0000000758400000, 0x0000000758600000|  0%| F|  |TAMS 0x0000000758400000, 0x0000000758400000| Untracked 
| 195|0x0000000758600000, 0x0000000758600000, 0x0000000758800000|  0%| F|  |TAMS 0x0000000758600000, 0x0000000758600000| Untracked 
| 196|0x0000000758800000, 0x0000000758800000, 0x0000000758a00000|  0%| F|  |TAMS 0x0000000758800000, 0x0000000758800000| Untracked 
| 197|0x0000000758a00000, 0x0000000758a00000, 0x0000000758c00000|  0%| F|  |TAMS 0x0000000758a00000, 0x0000000758a00000| Untracked 
| 198|0x0000000758c00000, 0x0000000758c00000, 0x0000000758e00000|  0%| F|  |TAMS 0x0000000758c00000, 0x0000000758c00000| Untracked 
| 199|0x0000000758e00000, 0x0000000758e00000, 0x0000000759000000|  0%| F|  |TAMS 0x0000000758e00000, 0x0000000758e00000| Untracked 
| 200|0x0000000759000000, 0x0000000759000000, 0x0000000759200000|  0%| F|  |TAMS 0x0000000759000000, 0x0000000759000000| Untracked 
| 201|0x0000000759200000, 0x0000000759200000, 0x0000000759400000|  0%| F|  |TAMS 0x0000000759200000, 0x0000000759200000| Untracked 
| 202|0x0000000759400000, 0x0000000759400000, 0x0000000759600000|  0%| F|  |TAMS 0x0000000759400000, 0x0000000759400000| Untracked 
| 203|0x0000000759600000, 0x0000000759600000, 0x0000000759800000|  0%| F|  |TAMS 0x0000000759600000, 0x0000000759600000| Untracked 
| 204|0x0000000759800000, 0x0000000759800000, 0x0000000759a00000|  0%| F|  |TAMS 0x0000000759800000, 0x0000000759800000| Untracked 
| 205|0x0000000759a00000, 0x0000000759a00000, 0x0000000759c00000|  0%| F|  |TAMS 0x0000000759a00000, 0x0000000759a00000| Untracked 
| 206|0x0000000759c00000, 0x0000000759c00000, 0x0000000759e00000|  0%| F|  |TAMS 0x0000000759c00000, 0x0000000759c00000| Untracked 
| 207|0x0000000759e00000, 0x0000000759e00000, 0x000000075a000000|  0%| F|  |TAMS 0x0000000759e00000, 0x0000000759e00000| Untracked 
| 208|0x000000075a000000, 0x000000075a000000, 0x000000075a200000|  0%| F|  |TAMS 0x000000075a000000, 0x000000075a000000| Untracked 
| 209|0x000000075a200000, 0x000000075a200000, 0x000000075a400000|  0%| F|  |TAMS 0x000000075a200000, 0x000000075a200000| Untracked 
| 210|0x000000075a400000, 0x000000075a400000, 0x000000075a600000|  0%| F|  |TAMS 0x000000075a400000, 0x000000075a400000| Untracked 
| 211|0x000000075a600000, 0x000000075a600000, 0x000000075a800000|  0%| F|  |TAMS 0x000000075a600000, 0x000000075a600000| Untracked 
| 212|0x000000075a800000, 0x000000075a800000, 0x000000075aa00000|  0%| F|  |TAMS 0x000000075a800000, 0x000000075a800000| Untracked 
| 213|0x000000075aa00000, 0x000000075aa00000, 0x000000075ac00000|  0%| F|  |TAMS 0x000000075aa00000, 0x000000075aa00000| Untracked 
| 214|0x000000075ac00000, 0x000000075ac00000, 0x000000075ae00000|  0%| F|  |TAMS 0x000000075ac00000, 0x000000075ac00000| Untracked 
| 215|0x000000075ae00000, 0x000000075ae00000, 0x000000075b000000|  0%| F|  |TAMS 0x000000075ae00000, 0x000000075ae00000| Untracked 
| 216|0x000000075b000000, 0x000000075b000000, 0x000000075b200000|  0%| F|  |TAMS 0x000000075b000000, 0x000000075b000000| Untracked 
| 217|0x000000075b200000, 0x000000075b200000, 0x000000075b400000|  0%| F|  |TAMS 0x000000075b200000, 0x000000075b200000| Untracked 
| 218|0x000000075b400000, 0x000000075b400000, 0x000000075b600000|  0%| F|  |TAMS 0x000000075b400000, 0x000000075b400000| Untracked 
| 219|0x000000075b600000, 0x000000075b6355b0, 0x000000075b800000| 10%| S|CS|TAMS 0x000000075b600000, 0x000000075b600000| Complete 
| 220|0x000000075b800000, 0x000000075b800000, 0x000000075ba00000|  0%| F|  |TAMS 0x000000075b800000, 0x000000075b800000| Untracked 
| 221|0x000000075ba00000, 0x000000075ba00000, 0x000000075bc00000|  0%| F|  |TAMS 0x000000075ba00000, 0x000000075ba00000| Untracked 
| 222|0x000000075bc00000, 0x000000075bc00000, 0x000000075be00000|  0%| F|  |TAMS 0x000000075bc00000, 0x000000075bc00000| Untracked 
| 223|0x000000075be00000, 0x000000075be00000, 0x000000075c000000|  0%| F|  |TAMS 0x000000075be00000, 0x000000075be00000| Untracked 
| 224|0x000000075c000000, 0x000000075c000000, 0x000000075c200000|  0%| F|  |TAMS 0x000000075c000000, 0x000000075c000000| Untracked 
| 225|0x000000075c200000, 0x000000075c200000, 0x000000075c400000|  0%| F|  |TAMS 0x000000075c200000, 0x000000075c200000| Untracked 
| 226|0x000000075c400000, 0x000000075c400000, 0x000000075c600000|  0%| F|  |TAMS 0x000000075c400000, 0x000000075c400000| Untracked 
| 227|0x000000075c600000, 0x000000075c600000, 0x000000075c800000|  0%| F|  |TAMS 0x000000075c600000, 0x000000075c600000| Untracked 
| 228|0x000000075c800000, 0x000000075c800000, 0x000000075ca00000|  0%| F|  |TAMS 0x000000075c800000, 0x000000075c800000| Untracked 
| 229|0x000000075ca00000, 0x000000075ca00000, 0x000000075cc00000|  0%| F|  |TAMS 0x000000075ca00000, 0x000000075ca00000| Untracked 
| 230|0x000000075cc00000, 0x000000075cc00000, 0x000000075ce00000|  0%| F|  |TAMS 0x000000075cc00000, 0x000000075cc00000| Untracked 
| 231|0x000000075ce00000, 0x000000075ce00000, 0x000000075d000000|  0%| F|  |TAMS 0x000000075ce00000, 0x000000075ce00000| Untracked 
| 232|0x000000075d000000, 0x000000075d000000, 0x000000075d200000|  0%| F|  |TAMS 0x000000075d000000, 0x000000075d000000| Untracked 
| 233|0x000000075d200000, 0x000000075d200000, 0x000000075d400000|  0%| F|  |TAMS 0x000000075d200000, 0x000000075d200000| Untracked 
| 234|0x000000075d400000, 0x000000075d400000, 0x000000075d600000|  0%| F|  |TAMS 0x000000075d400000, 0x000000075d400000| Untracked 
| 235|0x000000075d600000, 0x000000075d600000, 0x000000075d800000|  0%| F|  |TAMS 0x000000075d600000, 0x000000075d600000| Untracked 
| 236|0x000000075d800000, 0x000000075d800000, 0x000000075da00000|  0%| F|  |TAMS 0x000000075d800000, 0x000000075d800000| Untracked 
| 237|0x000000075da00000, 0x000000075da00000, 0x000000075dc00000|  0%| F|  |TAMS 0x000000075da00000, 0x000000075da00000| Untracked 
| 238|0x000000075dc00000, 0x000000075dc00000, 0x000000075de00000|  0%| F|  |TAMS 0x000000075dc00000, 0x000000075dc00000| Untracked 
| 239|0x000000075de00000, 0x000000075de00000, 0x000000075e000000|  0%| F|  |TAMS 0x000000075de00000, 0x000000075de00000| Untracked 
| 240|0x000000075e000000, 0x000000075e000000, 0x000000075e200000|  0%| F|  |TAMS 0x000000075e000000, 0x000000075e000000| Untracked 
| 241|0x000000075e200000, 0x000000075e200000, 0x000000075e400000|  0%| F|  |TAMS 0x000000075e200000, 0x000000075e200000| Untracked 
| 242|0x000000075e400000, 0x000000075e400000, 0x000000075e600000|  0%| F|  |TAMS 0x000000075e400000, 0x000000075e400000| Untracked 
| 243|0x000000075e600000, 0x000000075e600000, 0x000000075e800000|  0%| F|  |TAMS 0x000000075e600000, 0x000000075e600000| Untracked 
| 244|0x000000075e800000, 0x000000075e800000, 0x000000075ea00000|  0%| F|  |TAMS 0x000000075e800000, 0x000000075e800000| Untracked 
| 245|0x000000075ea00000, 0x000000075ea00000, 0x000000075ec00000|  0%| F|  |TAMS 0x000000075ea00000, 0x000000075ea00000| Untracked 
| 246|0x000000075ec00000, 0x000000075ec00000, 0x000000075ee00000|  0%| F|  |TAMS 0x000000075ec00000, 0x000000075ec00000| Untracked 
| 247|0x000000075ee00000, 0x000000075ee00000, 0x000000075f000000|  0%| F|  |TAMS 0x000000075ee00000, 0x000000075ee00000| Untracked 
| 248|0x000000075f000000, 0x000000075f000000, 0x000000075f200000|  0%| F|  |TAMS 0x000000075f000000, 0x000000075f000000| Untracked 
| 249|0x000000075f200000, 0x000000075f200800, 0x000000075f400000|  0%| E|  |TAMS 0x000000075f200000, 0x000000075f200000| Complete 
|1531|0x00000007ff600000, 0x00000007ff800000, 0x00000007ff800000|100%| O|  |TAMS 0x00000007ff800000, 0x00000007ff600000| Untracked 
|1532|0x00000007ff800000, 0x00000007ffa00000, 0x00000007ffa00000|100%| O|  |TAMS 0x00000007ffa00000, 0x00000007ff800000| Untracked 
|1533|0x00000007ffa00000, 0x00000007ffc00000, 0x00000007ffc00000|100%| O|  |TAMS 0x00000007ffc00000, 0x00000007ffa00000| Untracked 
|1534|0x00000007ffc00000, 0x00000007ffe00000, 0x00000007ffe00000|100%| O|  |TAMS 0x00000007ffe00000, 0x00000007ffc00000| Untracked 
|1535|0x00000007ffe00000, 0x0000000800000000, 0x0000000800000000|100%| O|  |TAMS 0x0000000800000000, 0x00000007ffe00000| Untracked 

Card table byte_map: [0x0000026bfedd0000,0x0000026bff3d0000] _byte_map_base: 0x0000026bfb3d0000

Marking Bits (Prev, Next): (CMBitMap*) 0x0000026bf929e360, (CMBitMap*) 0x0000026bf929e3a0
 Prev Bits: [0x0000026b8f000000, 0x0000026b92000000)
 Next Bits: [0x0000026b92000000, 0x0000026b95000000)

Polling page: 0x0000026bf8990000

Metaspace:

Usage:
  Non-class:     32.67 MB used.
      Class:      3.29 MB used.
       Both:     35.96 MB used.

Virtual space:
  Non-class space:       40.00 MB reserved,      33.00 MB ( 82%) committed,  5 nodes.
      Class space:        1.00 GB reserved,       3.56 MB ( <1%) committed,  1 nodes.
             Both:        1.04 GB reserved,      36.56 MB (  3%) committed. 

Chunk freelists:
   Non-Class:  3.03 MB
       Class:  391.00 KB
        Both:  3.42 MB

MaxMetaspaceSize: unlimited
CompressedClassSpaceSize: 1.00 GB
Initial GC threshold: 21.00 MB
Current GC threshold: 57.19 MB
CDS: on
MetaspaceReclaimPolicy: balanced
 - commit_granule_bytes: 65536.
 - commit_granule_words: 8192.
 - virtual_space_node_default_size: 1048576.
 - enlarge_chunks_in_place: 1.
 - new_chunks_are_fully_committed: 0.
 - uncommit_free_chunks: 1.
 - use_allocation_guard: 0.
 - handle_deallocations: 1.


Internal statistics:

num_allocs_failed_limit: 3.
num_arena_births: 938.
num_arena_deaths: 2.
num_vsnodes_births: 6.
num_vsnodes_deaths: 0.
num_space_committed: 580.
num_space_uncommitted: 0.
num_chunks_returned_to_freelist: 6.
num_chunks_taken_from_freelist: 2288.
num_chunk_merges: 3.
num_chunk_splits: 1473.
num_chunks_enlarged: 867.
num_purges: 2.
num_inconsistent_stats: 0.

CodeHeap 'non-profiled nmethods': size=120000Kb used=6174Kb max_used=6174Kb free=113825Kb
 bounds [0x0000026b87ad0000, 0x0000026b880e0000, 0x0000026b8f000000]
CodeHeap 'profiled nmethods': size=120000Kb used=12354Kb max_used=12480Kb free=107646Kb
 bounds [0x0000026b805a0000, 0x0000026b81280000, 0x0000026b87ad0000]
CodeHeap 'non-nmethods': size=5760Kb used=2000Kb max_used=2067Kb free=3760Kb
 bounds [0x0000026b80000000, 0x0000026b80270000, 0x0000026b805a0000]
 total_blobs=7498 nmethods=5956 adapters=1454
 compilation: enabled
              stopped_count=0, restarted_count=0
 full_count=0

Compilation events (20 events):
Event: 283.823 Thread 0x0000026b976d5a70 nmethod 7816 0x0000026b80eb1210 code [0x0000026b80eb1420, 0x0000026b80eb1c98]
Event: 283.823 Thread 0x0000026b976d5a70 7817       3       java.time.temporal.ChronoField::checkValidIntValue (10 bytes)
Event: 283.823 Thread 0x0000026b976d5a70 nmethod 7817 0x0000026b80f25c10 code [0x0000026b80f25dc0, 0x0000026b80f25f28]
Event: 283.824 Thread 0x0000026b976d5a70 7818       3       java.time.LocalDateTime::ofEpochSecond (77 bytes)
Event: 283.825 Thread 0x0000026b976d5a70 nmethod 7818 0x0000026b80f17990 code [0x0000026b80f17bc0, 0x0000026b80f182f8]
Event: 283.825 Thread 0x0000026b976d5a70 7820       3       java.util.concurrent.TimeUnit::toMicros (67 bytes)
Event: 283.825 Thread 0x0000026b976d5a70 nmethod 7820 0x0000026b80eb0c90 code [0x0000026b80eb0e40, 0x0000026b80eb1158]
Event: 283.825 Thread 0x0000026b976d5a70 7819       3       jdk.nio.zipfs.ZipUtils::javaToWinTime (19 bytes)
Event: 283.825 Thread 0x0000026b976d5a70 nmethod 7819 0x0000026b80eb0810 code [0x0000026b80eb09c0, 0x0000026b80eb0b28]
Event: 283.825 Thread 0x0000026b976d5a70 7821       3       jdk.nio.zipfs.ZipUtils::writeLong (102 bytes)
Event: 283.825 Thread 0x0000026b976d5a70 nmethod 7821 0x0000026b80f16e10 code [0x0000026b80f17020, 0x0000026b80f177d8]
Event: 283.825 Thread 0x0000026b976d5a70 7822       3       java.lang.Math::floorMod (8 bytes)
Event: 283.825 Thread 0x0000026b976d5a70 nmethod 7822 0x0000026b80f25790 code [0x0000026b80f25920, 0x0000026b80f25a48]
Event: 283.827 Thread 0x0000026b976d5a70 7823       3       org.lwjgl.system.jemalloc.JEmalloc::nje_free (10 bytes)
Event: 283.828 Thread 0x0000026b976d5a70 nmethod 7823 0x0000026b808b9f90 code [0x0000026b808ba120, 0x0000026b808ba248]
Event: 283.828 Thread 0x0000026b976d5a70 7824       3       org.lwjgl.system.MemoryUtil::nmemFree (10 bytes)
Event: 283.828 Thread 0x0000026b976d5a70 nmethod 7824 0x0000026b808b9b90 code [0x0000026b808b9d40, 0x0000026b808b9ec8]
Event: 283.828 Thread 0x0000026b976d5a70 7825       3       org.lwjgl.system.jemalloc.JEmallocAllocator::free (5 bytes)
Event: 283.828 Thread 0x0000026b976d5a70 nmethod 7825 0x0000026b808b9810 code [0x0000026b808b99a0, 0x0000026b808b9ae8]
Event: 283.846 Thread 0x0000026b976d1110 nmethod 7770 0x0000026b880d2810 code [0x0000026b880d2be0, 0x0000026b880d5ea8]

GC Heap History (20 events):
Event: 29.335 GC heap before
{Heap before GC invocations=31 (full 0):
 garbage-first heap   total 522240K, used 423512K [0x0000000740000000, 0x0000000800000000)
  region size 2048K, 48 young (98304K), 7 survivors (14336K)
 Metaspace       used 36226K, committed 36800K, reserved 1089536K
  class space    used 3332K, committed 3648K, reserved 1048576K
}
Event: 29.342 GC heap after
{Heap after GC invocations=32 (full 0):
 garbage-first heap   total 522240K, used 353361K [0x0000000740000000, 0x0000000800000000)
  region size 2048K, 6 young (12288K), 6 survivors (12288K)
 Metaspace       used 36226K, committed 36800K, reserved 1089536K
  class space    used 3332K, committed 3648K, reserved 1048576K
}
Event: 29.815 GC heap before
{Heap before GC invocations=32 (full 0):
 garbage-first heap   total 522240K, used 427089K [0x0000000740000000, 0x0000000800000000)
  region size 2048K, 42 young (86016K), 6 survivors (12288K)
 Metaspace       used 36360K, committed 36928K, reserved 1089536K
  class space    used 3348K, committed 3648K, reserved 1048576K
}
Event: 29.822 GC heap after
{Heap after GC invocations=33 (full 0):
 garbage-first heap   total 522240K, used 368640K [0x0000000740000000, 0x0000000800000000)
  region size 2048K, 6 young (12288K), 6 survivors (12288K)
 Metaspace       used 36360K, committed 36928K, reserved 1089536K
  class space    used 3348K, committed 3648K, reserved 1048576K
}
Event: 30.132 GC heap before
{Heap before GC invocations=33 (full 0):
 garbage-first heap   total 522240K, used 432128K [0x0000000740000000, 0x0000000800000000)
  region size 2048K, 37 young (75776K), 6 survivors (12288K)
 Metaspace       used 36362K, committed 36928K, reserved 1089536K
  class space    used 3348K, committed 3648K, reserved 1048576K
}
Event: 30.138 GC heap after
{Heap after GC invocations=34 (full 0):
 garbage-first heap   total 522240K, used 381773K [0x0000000740000000, 0x0000000800000000)
  region size 2048K, 5 young (10240K), 5 survivors (10240K)
 Metaspace       used 36362K, committed 36928K, reserved 1089536K
  class space    used 3348K, committed 3648K, reserved 1048576K
}
Event: 30.400 GC heap before
{Heap before GC invocations=34 (full 0):
 garbage-first heap   total 522240K, used 435021K [0x0000000740000000, 0x0000000800000000)
  region size 2048K, 31 young (63488K), 5 survivors (10240K)
 Metaspace       used 36379K, committed 36928K, reserved 1089536K
  class space    used 3350K, committed 3648K, reserved 1048576K
}
Event: 30.405 GC heap after
{Heap after GC invocations=35 (full 0):
 garbage-first heap   total 522240K, used 394312K [0x0000000740000000, 0x0000000800000000)
  region size 2048K, 4 young (8192K), 4 survivors (8192K)
 Metaspace       used 36379K, committed 36928K, reserved 1089536K
  class space    used 3350K, committed 3648K, reserved 1048576K
}
Event: 66.192 GC heap before
{Heap before GC invocations=35 (full 0):
 garbage-first heap   total 522240K, used 439368K [0x0000000740000000, 0x0000000800000000)
  region size 2048K, 26 young (53248K), 4 survivors (8192K)
 Metaspace       used 36583K, committed 37184K, reserved 1089536K
  class space    used 3352K, committed 3648K, reserved 1048576K
}
Event: 66.194 GC heap after
{Heap after GC invocations=36 (full 0):
 garbage-first heap   total 522240K, used 396837K [0x0000000740000000, 0x0000000800000000)
  region size 2048K, 1 young (2048K), 1 survivors (2048K)
 Metaspace       used 36583K, committed 37184K, reserved 1089536K
  class space    used 3352K, committed 3648K, reserved 1048576K
}
Event: 105.394 GC heap before
{Heap before GC invocations=36 (full 0):
 garbage-first heap   total 522240K, used 443941K [0x0000000740000000, 0x0000000800000000)
  region size 2048K, 24 young (49152K), 1 survivors (2048K)
 Metaspace       used 36720K, committed 37376K, reserved 1089536K
  class space    used 3365K, committed 3648K, reserved 1048576K
}
Event: 105.395 GC heap after
{Heap after GC invocations=37 (full 0):
 garbage-first heap   total 522240K, used 395429K [0x0000000740000000, 0x0000000800000000)
  region size 2048K, 1 young (2048K), 1 survivors (2048K)
 Metaspace       used 36720K, committed 37376K, reserved 1089536K
  class space    used 3365K, committed 3648K, reserved 1048576K
}
Event: 148.879 GC heap before
{Heap before GC invocations=37 (full 0):
 garbage-first heap   total 522240K, used 446629K [0x0000000740000000, 0x0000000800000000)
  region size 2048K, 26 young (53248K), 1 survivors (2048K)
 Metaspace       used 36722K, committed 37376K, reserved 1089536K
  class space    used 3365K, committed 3648K, reserved 1048576K
}
Event: 148.880 GC heap after
{Heap after GC invocations=38 (full 0):
 garbage-first heap   total 522240K, used 395235K [0x0000000740000000, 0x0000000800000000)
  region size 2048K, 1 young (2048K), 1 survivors (2048K)
 Metaspace       used 36722K, committed 37376K, reserved 1089536K
  class space    used 3365K, committed 3648K, reserved 1048576K
}
Event: 193.717 GC heap before
{Heap before GC invocations=38 (full 0):
 garbage-first heap   total 522240K, used 450531K [0x0000000740000000, 0x0000000800000000)
  region size 2048K, 28 young (57344K), 1 survivors (2048K)
 Metaspace       used 36722K, committed 37376K, reserved 1089536K
  class space    used 3365K, committed 3648K, reserved 1048576K
}
Event: 193.717 GC heap after
{Heap after GC invocations=39 (full 0):
 garbage-first heap   total 522240K, used 395195K [0x0000000740000000, 0x0000000800000000)
  region size 2048K, 1 young (2048K), 1 survivors (2048K)
 Metaspace       used 36722K, committed 37376K, reserved 1089536K
  class space    used 3365K, committed 3648K, reserved 1048576K
}
Event: 239.272 GC heap before
{Heap before GC invocations=39 (full 0):
 garbage-first heap   total 522240K, used 452539K [0x0000000740000000, 0x0000000800000000)
  region size 2048K, 29 young (59392K), 1 survivors (2048K)
 Metaspace       used 36723K, committed 37376K, reserved 1089536K
  class space    used 3365K, committed 3648K, reserved 1048576K
}
Event: 239.273 GC heap after
{Heap after GC invocations=40 (full 0):
 garbage-first heap   total 522240K, used 395189K [0x0000000740000000, 0x0000000800000000)
  region size 2048K, 1 young (2048K), 1 survivors (2048K)
 Metaspace       used 36723K, committed 37376K, reserved 1089536K
  class space    used 3365K, committed 3648K, reserved 1048576K
}
Event: 283.845 GC heap before
{Heap before GC invocations=40 (full 0):
 garbage-first heap   total 522240K, used 454581K [0x0000000740000000, 0x0000000800000000)
  region size 2048K, 30 young (61440K), 1 survivors (2048K)
 Metaspace       used 36823K, committed 37440K, reserved 1089536K
  class space    used 3369K, committed 3648K, reserved 1048576K
}
Event: 283.846 GC heap after
{Heap after GC invocations=41 (full 0):
 garbage-first heap   total 522240K, used 395284K [0x0000000740000000, 0x0000000800000000)
  region size 2048K, 1 young (2048K), 1 survivors (2048K)
 Metaspace       used 36823K, committed 37440K, reserved 1089536K
  class space    used 3369K, committed 3648K, reserved 1048576K
}

Deoptimization events (20 events):
Event: 283.778 Thread 0x0000026bf924f540 Uncommon trap: trap_request=0xffffff45 fr.pc=0x0000026b87c02464 relative=0x0000000000001c04
Event: 283.778 Thread 0x0000026bf924f540 Uncommon trap: reason=unstable_if action=reinterpret pc=0x0000026b87c02464 method=java.net.URI$Parser.parse(Z)V @ 102 c2
Event: 283.778 Thread 0x0000026bf924f540 DEOPT PACKING pc=0x0000026b87c02464 sp=0x000000cb51ffec00
Event: 283.778 Thread 0x0000026bf924f540 DEOPT UNPACKING pc=0x0000026b800523a3 sp=0x000000cb51ffec08 mode 2
Event: 283.781 Thread 0x0000026bf924f540 Uncommon trap: trap_request=0xffffff45 fr.pc=0x0000026b87cf0260 relative=0x0000000000000520
Event: 283.781 Thread 0x0000026bf924f540 Uncommon trap: reason=unstable_if action=reinterpret pc=0x0000026b87cf0260 method=sun.nio.fs.WindowsPath.hashCode()I @ 6 c2
Event: 283.781 Thread 0x0000026bf924f540 DEOPT PACKING pc=0x0000026b87cf0260 sp=0x000000cb51ffeb10
Event: 283.781 Thread 0x0000026bf924f540 DEOPT UNPACKING pc=0x0000026b800523a3 sp=0x000000cb51ffeaa8 mode 2
Event: 283.803 Thread 0x0000026bf924f540 Uncommon trap: trap_request=0xffffffde fr.pc=0x0000026b87ca4434 relative=0x0000000000000314
Event: 283.803 Thread 0x0000026bf924f540 Uncommon trap: reason=class_check action=maybe_recompile pc=0x0000026b87ca4434 method=java.util.stream.AbstractPipeline.<init>(Ljava/util/stream/AbstractPipeline;I)V @ 66 c2
Event: 283.803 Thread 0x0000026bf924f540 DEOPT PACKING pc=0x0000026b87ca4434 sp=0x000000cb51ffeaa0
Event: 283.803 Thread 0x0000026bf924f540 DEOPT UNPACKING pc=0x0000026b800523a3 sp=0x000000cb51ffea80 mode 2
Event: 283.816 Thread 0x0000026bf924f540 Uncommon trap: trap_request=0xffffff45 fr.pc=0x0000026b87f83a68 relative=0x0000000000000168
Event: 283.816 Thread 0x0000026bf924f540 Uncommon trap: reason=unstable_if action=reinterpret pc=0x0000026b87f83a68 method=java.lang.Long.stringSize(J)I @ 24 c2
Event: 283.816 Thread 0x0000026bf924f540 DEOPT PACKING pc=0x0000026b87f83a68 sp=0x000000cb51ffe5b0
Event: 283.816 Thread 0x0000026bf924f540 DEOPT UNPACKING pc=0x0000026b800523a3 sp=0x000000cb51ffe518 mode 2
Event: 283.827 Thread 0x0000026bf781ce40 Uncommon trap: trap_request=0xffffff45 fr.pc=0x0000026b87e9e2c4 relative=0x0000000000001764
Event: 283.827 Thread 0x0000026bf781ce40 Uncommon trap: reason=unstable_if action=reinterpret pc=0x0000026b87e9e2c4 method=zombie.core.opengl.RenderThread.lockStepRenderStep()Z @ 22 c2
Event: 283.827 Thread 0x0000026bf781ce40 DEOPT PACKING pc=0x0000026b87e9e2c4 sp=0x000000cb4fdcecd0
Event: 283.827 Thread 0x0000026bf781ce40 DEOPT UNPACKING pc=0x0000026b800523a3 sp=0x000000cb4fdcecb8 mode 2

Classes unloaded (1 events):
Event: 25.361 Thread 0x0000026b97694fd0 Unloading class 0x0000000800f5c400 'jdk/internal/reflect/GeneratedConstructorAccessor14'

Classes redefined (0 events):
No events

Internal exceptions (20 events):
Event: 283.815 Thread 0x0000026bf924f540 Exception <a 'sun/nio/fs/WindowsException'{0x000000075bafa988}> (0x000000075bafa988) 
thrown [c:\jenkins\workspace\zulu17-build-win64\zulu-src.git\src\hotspot\share\prims\jni.cpp, line 516]
Event: 283.815 Thread 0x0000026bf924f540 Exception <a 'sun/nio/fs/WindowsException'{0x000000075bafb808}> (0x000000075bafb808) 
thrown [c:\jenkins\workspace\zulu17-build-win64\zulu-src.git\src\hotspot\share\prims\jni.cpp, line 516]
Event: 283.815 Thread 0x0000026bf924f540 Exception <a 'sun/nio/fs/WindowsException'{0x000000075bafba48}> (0x000000075bafba48) 
thrown [c:\jenkins\workspace\zulu17-build-win64\zulu-src.git\src\hotspot\share\prims\jni.cpp, line 516]
Event: 283.815 Thread 0x0000026bf924f540 Exception <a 'sun/nio/fs/WindowsException'{0x000000075bafc8c8}> (0x000000075bafc8c8) 
thrown [c:\jenkins\workspace\zulu17-build-win64\zulu-src.git\src\hotspot\share\prims\jni.cpp, line 516]
Event: 283.815 Thread 0x0000026bf924f540 Exception <a 'sun/nio/fs/WindowsException'{0x000000075bafcb08}> (0x000000075bafcb08) 
thrown [c:\jenkins\workspace\zulu17-build-win64\zulu-src.git\src\hotspot\share\prims\jni.cpp, line 516]
Event: 283.816 Thread 0x0000026bf924f540 Exception <a 'sun/nio/fs/WindowsException'{0x000000075bafd9c0}> (0x000000075bafd9c0) 
thrown [c:\jenkins\workspace\zulu17-build-win64\zulu-src.git\src\hotspot\share\prims\jni.cpp, line 516]
Event: 283.816 Thread 0x0000026bf924f540 Exception <a 'sun/nio/fs/WindowsException'{0x000000075bafdc30}> (0x000000075bafdc30) 
thrown [c:\jenkins\workspace\zulu17-build-win64\zulu-src.git\src\hotspot\share\prims\jni.cpp, line 516]
Event: 283.816 Thread 0x0000026bf924f540 Exception <a 'sun/nio/fs/WindowsException'{0x000000075bafeac0}> (0x000000075bafeac0) 
thrown [c:\jenkins\workspace\zulu17-build-win64\zulu-src.git\src\hotspot\share\prims\jni.cpp, line 516]
Event: 283.816 Thread 0x0000026bf924f540 Exception <a 'sun/nio/fs/WindowsException'{0x000000075bafed10}> (0x000000075bafed10) 
thrown [c:\jenkins\workspace\zulu17-build-win64\zulu-src.git\src\hotspot\share\prims\jni.cpp, line 516]
Event: 283.816 Thread 0x0000026bf924f540 Exception <a 'sun/nio/fs/WindowsException'{0x000000075baffbd8}> (0x000000075baffbd8) 
thrown [c:\jenkins\workspace\zulu17-build-win64\zulu-src.git\src\hotspot\share\prims\jni.cpp, line 516]
Event: 283.816 Thread 0x0000026bf924f540 Exception <a 'sun/nio/fs/WindowsException'{0x000000075baffe58}> (0x000000075baffe58) 
thrown [c:\jenkins\workspace\zulu17-build-win64\zulu-src.git\src\hotspot\share\prims\jni.cpp, line 516]
Event: 283.826 Thread 0x0000026bf924f540 Exception <a 'sun/nio/fs/WindowsException'{0x000000075bb15538}> (0x000000075bb15538) 
thrown [c:\jenkins\workspace\zulu17-build-win64\zulu-src.git\src\hotspot\share\prims\jni.cpp, line 516]
Event: 283.826 Thread 0x0000026bf924f540 Exception <a 'sun/nio/fs/WindowsException'{0x000000075bb156c0}> (0x000000075bb156c0) 
thrown [c:\jenkins\workspace\zulu17-build-win64\zulu-src.git\src\hotspot\share\prims\jni.cpp, line 516]
Event: 283.827 Thread 0x0000026bf924f540 Exception <a 'java/io/IOException'{0x000000075bb16878}> (0x000000075bb16878) 
thrown [c:\jenkins\workspace\zulu17-build-win64\zulu-src.git\src\hotspot\share\prims\jni.cpp, line 516]
Event: 283.827 Thread 0x0000026bf924f540 Exception <a 'java/io/IOException'{0x000000075bb16b88}> (0x000000075bb16b88) 
thrown [c:\jenkins\workspace\zulu17-build-win64\zulu-src.git\src\hotspot\share\prims\jni.cpp, line 516]
Event: 283.827 Thread 0x0000026bf924f540 Exception <a 'java/io/IOException'{0x000000075bb16e98}> (0x000000075bb16e98) 
thrown [c:\jenkins\workspace\zulu17-build-win64\zulu-src.git\src\hotspot\share\prims\jni.cpp, line 516]
Event: 283.827 Thread 0x0000026bf781ce40 Exception <a 'java/lang/InterruptedException'{0x000000075bdef1c0}> (0x000000075bdef1c0) 
thrown [c:\jenkins\workspace\zulu17-build-win64\zulu-src.git\src\hotspot\share\runtime\objectMonitor.cpp, line 1661]
Event: 283.827 Thread 0x0000026bf924f540 Exception <a 'java/io/IOException'{0x000000075bb17b78}> (0x000000075bb17b78) 
thrown [c:\jenkins\workspace\zulu17-build-win64\zulu-src.git\src\hotspot\share\prims\jni.cpp, line 516]
Event: 283.827 Thread 0x0000026bf924f540 Exception <a 'java/io/IOException'{0x000000075bb17e88}> (0x000000075bb17e88) 
thrown [c:\jenkins\workspace\zulu17-build-win64\zulu-src.git\src\hotspot\share\prims\jni.cpp, line 516]
Event: 283.827 Thread 0x0000026bf924f540 Exception <a 'java/io/IOException'{0x000000075bb18198}> (0x000000075bb18198) 
thrown [c:\jenkins\workspace\zulu17-build-win64\zulu-src.git\src\hotspot\share\prims\jni.cpp, line 516]

VM Operations (20 events):
Event: 112.440 Executing VM operation: Cleanup done
Event: 123.547 Executing VM operation: Cleanup
Event: 123.548 Executing VM operation: Cleanup done
Event: 124.559 Executing VM operation: Cleanup
Event: 124.559 Executing VM operation: Cleanup done
Event: 148.879 Executing VM operation: G1CollectForAllocation
Event: 148.880 Executing VM operation: G1CollectForAllocation done
Event: 193.717 Executing VM operation: G1CollectForAllocation
Event: 193.717 Executing VM operation: G1CollectForAllocation done
Event: 239.272 Executing VM operation: G1CollectForAllocation
Event: 239.273 Executing VM operation: G1CollectForAllocation done
Event: 276.876 Executing VM operation: HandshakeAllThreads
Event: 276.876 Executing VM operation: HandshakeAllThreads done
Event: 277.887 Executing VM operation: Cleanup
Event: 277.887 Executing VM operation: Cleanup done
Event: 278.897 Executing VM operation: Cleanup
Event: 278.897 Executing VM operation: Cleanup done
Event: 283.845 Executing VM operation: G1CollectForAllocation
Event: 283.846 Executing VM operation: G1CollectForAllocation done
Event: 283.958 Executing VM operation: Exit

Events (20 events):
Event: 276.883 Thread 0x0000026b976e0590 flushing nmethod 0x0000026b811bea10
Event: 276.883 Thread 0x0000026b976e0590 flushing nmethod 0x0000026b811bf310
Event: 276.883 Thread 0x0000026b976e0590 flushing nmethod 0x0000026b811bfa90
Event: 276.883 Thread 0x0000026b976e0590 flushing nmethod 0x0000026b811c0610
Event: 276.883 Thread 0x0000026b976e0590 flushing nmethod 0x0000026b811ccc10
Event: 276.883 Thread 0x0000026b976e0590 flushing nmethod 0x0000026b811cd510
Event: 276.883 Thread 0x0000026b976e0590 flushing nmethod 0x0000026b811ce590
Event: 276.883 Thread 0x0000026b976e0590 flushing nmethod 0x0000026b811d0210
Event: 277.637 Thread 0x0000026be62f8bb0 Thread added: 0x0000026be62f8bb0
Event: 278.648 Thread 0x0000026be62f8bb0 Thread exited: 0x0000026be62f8bb0
Event: 280.673 Thread 0x0000026be62f9550 Thread added: 0x0000026be62f9550
Event: 281.682 Thread 0x0000026be62f9550 Thread exited: 0x0000026be62f9550
Event: 283.724 Thread 0x0000026bcd934740 Thread added: 0x0000026bcd934740
Event: 283.810 Thread 0x0000026be4d4c750 Thread added: 0x0000026be4d4c750
Event: 283.827 Thread 0x0000026bf924f540 Thread exited: 0x0000026bf924f540
Event: 283.844 Thread 0x0000026be996d910 Thread added: 0x0000026be996d910
Event: 283.844 Thread 0x0000026be996caa0 Thread added: 0x0000026be996caa0
Event: 283.845 Thread 0x0000026be996d910 Thread exited: 0x0000026be996d910
Event: 283.859 Thread 0x0000026be7d7e740 Thread exited: 0x0000026be7d7e740
Event: 283.957 Thread 0x0000026be996caa0 Thread exited: 0x0000026be996caa0


Dynamic libraries:
0x00007ff607580000 - 0x00007ff607677000 	D:\Steam\steamapps\common\ProjectZomboid\ProjectZomboid64.exe
0x00007ffb7bff0000 - 0x00007ffb7c204000 	C:\WINDOWS\SYSTEM32\ntdll.dll
0x00007ffb7ad20000 - 0x00007ffb7ade4000 	C:\WINDOWS\System32\KERNEL32.DLL
0x00007ffb793a0000 - 0x00007ffb79744000 	C:\WINDOWS\System32\KERNELBASE.dll
0x00007ffb7a430000 - 0x00007ffb7a5da000 	C:\WINDOWS\System32\USER32.dll
0x00007ffb79750000 - 0x00007ffb79776000 	C:\WINDOWS\System32\win32u.dll
0x00007ffb7ba50000 - 0x00007ffb7ba79000 	C:\WINDOWS\System32\GDI32.dll
0x00007ffb60ed0000 - 0x00007ffb60f1c000 	D:\Steam\steamapps\common\ProjectZomboid\steam_api64.dll
0x00007ffb79c60000 - 0x00007ffb79d79000 	C:\WINDOWS\System32\gdi32full.dll
0x00007ffb7bec0000 - 0x00007ffb7bf70000 	C:\WINDOWS\System32\ADVAPI32.dll
0x00007ffb79990000 - 0x00007ffb79a2a000 	C:\WINDOWS\System32\msvcp_win.dll
0x00007ffb7ac70000 - 0x00007ffb7ad17000 	C:\WINDOWS\System32\msvcrt.dll
0x00007ffb79800000 - 0x00007ffb79911000 	C:\WINDOWS\System32\ucrtbase.dll
0x00007ffb7bc80000 - 0x00007ffb7bd26000 	C:\WINDOWS\System32\sechost.dll
0x00007ffb7a8c0000 - 0x00007ffb7a9d7000 	C:\WINDOWS\System32\RPCRT4.dll
0x00007ffb7ae90000 - 0x00007ffb7b6a6000 	C:\WINDOWS\System32\SHELL32.dll
0x00007ffb7a670000 - 0x00007ffb7a6a1000 	C:\WINDOWS\System32\IMM32.DLL
0x00007ffb49e00000 - 0x00007ffb49f8a000 	D:\Steam\gameoverlayrenderer64.dll
0x00007ffb7aac0000 - 0x00007ffb7ac5c000 	C:\WINDOWS\System32\ole32.dll
0x00007ffb7b6b0000 - 0x00007ffb7ba3a000 	C:\WINDOWS\System32\combase.dll
0x00007ffb7a9e0000 - 0x00007ffb7aab7000 	C:\WINDOWS\System32\OLEAUT32.dll
0x00007ffb7ba40000 - 0x00007ffb7ba48000 	C:\WINDOWS\System32\PSAPI.DLL
0x00007ffb73170000 - 0x00007ffb731a4000 	C:\WINDOWS\SYSTEM32\WINMM.dll
0x00007ffb7a6b0000 - 0x00007ffb7a7a3000 	C:\WINDOWS\System32\shcore.dll
0x00007ffaa3000000 - 0x00007ffaa3c48000 	D:\Steam\steamapps\common\ProjectZomboid\jre64\bin\server\jvm.dll
0x00007ffb6a680000 - 0x00007ffb6a68c000 	C:\WINDOWS\SYSTEM32\VCRUNTIME140_1.dll
0x00007ffb72280000 - 0x00007ffb7228a000 	C:\WINDOWS\SYSTEM32\VERSION.dll
0x00007ffb6a690000 - 0x00007ffb6a6ab000 	C:\WINDOWS\SYSTEM32\VCRUNTIME140.dll
0x00007ffb74d40000 - 0x00007ffb74d49000 	C:\WINDOWS\SYSTEM32\WSOCK32.dll
0x00007ffb7adf0000 - 0x00007ffb7ae61000 	C:\WINDOWS\System32\WS2_32.dll
0x00007ffb74d30000 - 0x00007ffb74d3a000 	D:\Steam\steamapps\common\ProjectZomboid\jre64\bin\jimage.dll
0x00007ffb71340000 - 0x00007ffb7156e000 	C:\WINDOWS\SYSTEM32\DBGHELP.DLL
0x00007ffb63a80000 - 0x00007ffb63ab2000 	C:\WINDOWS\SYSTEM32\dbgcore.DLL
0x00007ffb79780000 - 0x00007ffb797fa000 	C:\WINDOWS\System32\bcryptPrimitives.dll
0x00007ffb73540000 - 0x00007ffb73565000 	D:\Steam\steamapps\common\ProjectZomboid\jre64\bin\java.dll
0x00007ffb78480000 - 0x00007ffb78498000 	C:\WINDOWS\SYSTEM32\kernel.appcore.dll
0x00007ffb53f60000 - 0x00007ffb54036000 	D:\Steam\steamapps\common\ProjectZomboid\jre64\bin\svml.dll
0x00007ffb77340000 - 0x00007ffb77c2a000 	C:\WINDOWS\SYSTEM32\windows.storage.dll
0x00007ffb77200000 - 0x00007ffb7733e000 	C:\WINDOWS\SYSTEM32\wintypes.dll
0x00007ffb7bc20000 - 0x00007ffb7bc7e000 	C:\WINDOWS\System32\shlwapi.dll
0x00007ffb792d0000 - 0x00007ffb792f6000 	C:\WINDOWS\SYSTEM32\profapi.dll
0x00007ffb73e10000 - 0x00007ffb73e29000 	D:\Steam\steamapps\common\ProjectZomboid\jre64\bin\net.dll
0x00007ffb73200000 - 0x00007ffb73337000 	C:\WINDOWS\SYSTEM32\WINHTTP.dll
0x00007ffb78950000 - 0x00007ffb789b9000 	C:\WINDOWS\system32\mswsock.dll
0x00007ffb73c80000 - 0x00007ffb73c95000 	D:\Steam\steamapps\common\ProjectZomboid\jre64\bin\nio.dll
0x00007ffb728d0000 - 0x00007ffb728e8000 	D:\Steam\steamapps\common\ProjectZomboid\jre64\bin\zip.dll
0x00007ffb79af0000 - 0x00007ffb79c57000 	C:\WINDOWS\System32\CRYPT32.dll
0x00007ffb79d80000 - 0x00007ffb79d9f000 	C:\WINDOWS\System32\imagehlp.dll
0x00007ffb79fb0000 - 0x00007ffb7a424000 	C:\WINDOWS\System32\SETUPAPI.dll
0x00007ffb77e90000 - 0x00007ffb77ebd000 	C:\WINDOWS\SYSTEM32\IPHLPAPI.DLL
0x00007ffb78d40000 - 0x00007ffb78d68000 	C:\WINDOWS\SYSTEM32\bcrypt.dll
0x00007ffb78bc0000 - 0x00007ffb78bcc000 	C:\WINDOWS\SYSTEM32\CRYPTBASE.DLL
0x00007ffb78ba0000 - 0x00007ffb78bbb000 	C:\WINDOWS\SYSTEM32\CRYPTSP.dll
0x00007ffb78440000 - 0x00007ffb78475000 	C:\WINDOWS\system32\rsaenh.dll
0x00007ffb78a40000 - 0x00007ffb78a6c000 	C:\WINDOWS\SYSTEM32\USERENV.dll
0x00007ffb7ac60000 - 0x00007ffb7ac69000 	C:\WINDOWS\System32\NSI.dll
0x00007ffb731b0000 - 0x00007ffb731c9000 	C:\WINDOWS\SYSTEM32\dhcpcsvc6.DLL
0x00007ffb73110000 - 0x00007ffb7312f000 	C:\WINDOWS\SYSTEM32\dhcpcsvc.DLL
0x00007ffb77f00000 - 0x00007ffb77ff3000 	C:\WINDOWS\SYSTEM32\DNSAPI.dll
0x00007ffb74d10000 - 0x00007ffb74d20000 	D:\Steam\steamapps\common\ProjectZomboid\jre64\bin\verify.dll
0x00007ffb55f20000 - 0x00007ffb55f84000 	C:\Users\User\AppData\Local\Temp\lwjglNiel\3.2.3-build-13\lwjgl.dll
0x00007ffab52e0000 - 0x00007ffab546e000 	D:\Steam\steamapps\common\ProjectZomboid\jre64\bin\awt.dll
0x00007ffb68150000 - 0x00007ffb681de000 	C:\WINDOWS\SYSTEM32\MSVCP140.dll
0x00007ffb767b0000 - 0x00007ffb76847000 	C:\WINDOWS\SYSTEM32\apphelp.dll
0x00007ffb76d90000 - 0x00007ffb76dbb000 	C:\WINDOWS\system32\DWMAPI.DLL
0x00007ffb76980000 - 0x00007ffb76a2b000 	C:\WINDOWS\system32\uxtheme.dll
0x00007ffb55230000 - 0x00007ffb55292000 	C:\Users\User\AppData\Local\Temp\lwjglNiel\3.2.3-build-13\glfw.dll
0x00007ffb52fa0000 - 0x00007ffb52fe6000 	C:\WINDOWS\SYSTEM32\dinput8.dll
0x00007ffb61050000 - 0x00007ffb61251000 	C:\WINDOWS\SYSTEM32\inputhost.dll
0x00007ffb76080000 - 0x00007ffb761b3000 	C:\WINDOWS\SYSTEM32\CoreMessaging.dll
0x00007ffb730b0000 - 0x00007ffb730c1000 	C:\WINDOWS\SYSTEM32\xinput1_4.dll
0x00007ffb79090000 - 0x00007ffb790de000 	C:\WINDOWS\SYSTEM32\cfgmgr32.dll
0x00007ffb79060000 - 0x00007ffb7908c000 	C:\WINDOWS\SYSTEM32\DEVOBJ.dll
0x0000000180000000 - 0x000000018806b000 	C:\Program Files (x86)\ASUS\GPUTweakIII\GTIII-OSD\x64\GTIII-OSD64-VK.dll
0x00007ffb1bbe0000 - 0x00007ffb1bd4e000 	C:\WINDOWS\SYSTEM32\vulkan-1.dll
0x00007ffb76c80000 - 0x00007ffb76d78000 	C:\WINDOWS\system32\dxgi.dll
0x00007ffb7baf0000 - 0x00007ffb7bc17000 	C:\WINDOWS\System32\MSCTF.dll
0x00007ffb77c30000 - 0x00007ffb77c3e000 	C:\WINDOWS\SYSTEM32\HID.DLL
0x00007ffb79920000 - 0x00007ffb7998b000 	C:\WINDOWS\System32\WINTRUST.dll
0x00007ffb79040000 - 0x00007ffb79052000 	C:\WINDOWS\SYSTEM32\MSASN1.dll
0x00007ffaa4730000 - 0x00007ffaa4983000 	C:\Users\User\AppData\Local\Temp\lwjglNiel\3.2.3-build-13\jemalloc.dll
0x00007ffaa4520000 - 0x00007ffaa4729000 	D:\Steam\steamapps\common\ProjectZomboid\win64\fmod.dll
0x00007ffb73f70000 - 0x00007ffb73f8e000 	C:\WINDOWS\SYSTEM32\MSACM32.dll
0x00007ffb40e30000 - 0x00007ffb40f30000 	C:\WINDOWS\SYSTEM32\opengl32.dll
0x00007ffb40dd0000 - 0x00007ffb40dfd000 	C:\WINDOWS\SYSTEM32\GLU32.dll
0x00007ffb76b50000 - 0x00007ffb76b88000 	C:\WINDOWS\SYSTEM32\dxcore.dll
0x00007ffb7a7b0000 - 0x00007ffb7a860000 	C:\WINDOWS\System32\clbcatq.dll
0x00007ffaa43a0000 - 0x00007ffaa4515000 	D:\Steam\steamapps\common\ProjectZomboid\win64\fmodstudio.dll
0x00007ffb468f0000 - 0x00007ffb46989000 	D:\Steam\steamapps\common\ProjectZomboid\fmodintegration64.dll
0x00007ffb378a0000 - 0x00007ffb3b4f7000 	C:\WINDOWS\System32\DriverStore\FileRepository\nv_dispi.inf_amd64_8156678a4c5d0913\nvoglv64.dll
0x00007ffb76850000 - 0x00007ffb76864000 	C:\WINDOWS\SYSTEM32\WTSAPI32.dll
0x00007ffb72160000 - 0x00007ffb72192000 	C:\WINDOWS\SYSTEM32\cryptnet.dll
0x00007ffb717b0000 - 0x00007ffb71908000 	C:\WINDOWS\SYSTEM32\drvstore.dll
0x00007ffb78c50000 - 0x00007ffb78c9b000 	C:\WINDOWS\SYSTEM32\wldp.dll
0x00007ffb784f0000 - 0x00007ffb78524000 	C:\WINDOWS\SYSTEM32\ntmarta.dll
0x00007ffb6fe60000 - 0x00007ffb6fefd000 	C:\WINDOWS\System32\MMDevApi.dll
0x00007ffb3dda0000 - 0x00007ffb3e071000 	C:\WINDOWS\system32\nvspcap64.dll
0x00007ffb65100000 - 0x00007ffb652ec000 	C:\WINDOWS\SYSTEM32\AUDIOSES.DLL
0x00007ffb76e10000 - 0x00007ffb76e25000 	C:\WINDOWS\SYSTEM32\resourcepolicyclient.dll
0x00007ffb78290000 - 0x00007ffb782dd000 	C:\WINDOWS\SYSTEM32\powrprof.dll
0x00007ffb78270000 - 0x00007ffb78283000 	C:\WINDOWS\SYSTEM32\UMPDC.dll
0x00007ffb78050000 - 0x00007ffb780b6000 	C:\WINDOWS\SYSTEM32\WINSTA.dll
0x00007ffb70480000 - 0x00007ffb704ca000 	C:\WINDOWS\SYSTEM32\directxdatabasehelper.dll
0x00007ffb75bd0000 - 0x00007ffb75e27000 	C:\WINDOWS\SYSTEM32\d3d11.dll
0x00007ffb6b940000 - 0x00007ffb6b9fd000 	C:\WINDOWS\System32\DriverStore\FileRepository\nv_dispi.inf_amd64_8156678a4c5d0913\nvldumdx.dll
0x00007ffb58d50000 - 0x00007ffb5e1d2000 	C:\WINDOWS\System32\DriverStore\FileRepository\nv_dispi.inf_amd64_8156678a4c5d0913\nvwgf2umx.dll
0x00007ffb63260000 - 0x00007ffb63997000 	C:\WINDOWS\System32\DriverStore\FileRepository\nv_dispi.inf_amd64_8156678a4c5d0913\Display.NvContainer\MessageBus.dll
0x00007ffb6ec30000 - 0x00007ffb6f3e5000 	C:\WINDOWS\SYSTEM32\nvapi64.dll
0x00007ffb60ca0000 - 0x00007ffb60e14000 	C:\Windows\System32\Windows.UI.dll
0x00007ffb6ba00000 - 0x00007ffb6babc000 	C:\WINDOWS\SYSTEM32\mscms.dll
0x00007ffb6b840000 - 0x00007ffb6b889000 	C:\WINDOWS\SYSTEM32\icm32.dll
0x00007ffb64980000 - 0x00007ffb64aad000 	C:\WINDOWS\SYSTEM32\textinputframework.dll
0x00007ffb46dd0000 - 0x00007ffb46e29000 	C:\Users\User\AppData\Local\Temp\lwjglNiel\3.2.3-build-13\lwjgl_opengl.dll
0x0000026bcecd0000 - 0x0000026bd6e4f000 	C:\Program Files (x86)\ASUS\GPUTweakIII\GTIII-OSD\x64\GTIII-OSD64.dll
0x00007ffb40bc0000 - 0x00007ffb40bf7000 	C:\WINDOWS\SYSTEM32\d3d10_1.dll
0x00007ffb74fa0000 - 0x00007ffb75386000 	C:\WINDOWS\SYSTEM32\D3DCOMPILER_47.dll
0x00007ffb72f20000 - 0x00007ffb72f43000 	C:\WINDOWS\SYSTEM32\d3d12.dll
0x00007ffb72f80000 - 0x00007ffb72f8e000 	C:\WINDOWS\SYSTEM32\d3d10_1core.dll
0x0000026bd6e50000 - 0x0000026bd70b3000 	C:\WINDOWS\SYSTEM32\d3dx9_43.dll
0x00007ffb4cb30000 - 0x00007ffb4ccd9000 	C:\WINDOWS\SYSTEM32\d3d9.dll
0x0000026bd7180000 - 0x0000026bdf1d1000 	C:\Program Files (x86)\ASUS\GPUTweakIII\GTIII-OSD\x64\GTIII-OSD64-GL.dll
0x0000000069ae0000 - 0x0000000069b43000 	C:\Program Files (x86)\ASUS\GPUTweakIII\GTIII-OSD\x64\glew32.dll
0x00007ffb6e8c0000 - 0x00007ffb6ec2c000 	C:\WINDOWS\SYSTEM32\CoreUIComponents.dll
0x00007ffb47ec0000 - 0x00007ffb47ef4000 	D:\Steam\steamapps\common\ProjectZomboid\Lighting64.dll
0x00007ffaa2e40000 - 0x00007ffaa2ffd000 	D:\Steam\steamapps\common\ProjectZomboid\RakNet64.dll
0x00007ffb45a50000 - 0x00007ffb45ac7000 	D:\Steam\steamapps\common\ProjectZomboid\ZNetJNI64.dll
0x00007ffaa2b20000 - 0x00007ffaa2e3e000 	D:\Steam\steamapps\common\ProjectZomboid\PZPopMan64.dll
0x00007ffac9660000 - 0x00007ffac9759000 	D:\Steam\steamapps\common\ProjectZomboid\PZClipper64.dll

dbghelp: loaded successfully - version: 4.0.5 - missing functions: none
symbol engine: initialized successfully - sym options: 0x614 - pdb path: .;D:\Steam\steamapps\common\ProjectZomboid;C:\WINDOWS\SYSTEM32;D:\Steam;D:\Steam\steamapps\common\ProjectZomboid\jre64\bin\server;D:\Steam\steamapps\common\ProjectZomboid\jre64\bin;C:\Users\User\AppData\Local\Temp\lwjglNiel\3.2.3-build-13;C:\Program Files (x86)\ASUS\GPUTweakIII\GTIII-OSD\x64;D:\Steam\steamapps\common\ProjectZomboid\win64;C:\WINDOWS\System32\DriverStore\FileRepository\nv_dispi.inf_amd64_8156678a4c5d0913;C:\WINDOWS\System32\DriverStore\FileRepository\nv_dispi.inf_amd64_8156678a4c5d0913\Display.NvContainer;C:\WINDOWS\WinSxS\amd64_microsoft.windows.common-controls_6595b64144ccf1df_5.82.22621.608_none_fb280a3c7926c2cc

VM Arguments:
jvm_args: -Djava.awt.headless=true -Xmx3072m -Dzomboid.steam=1 -Dzomboid.znetlog=1 -Djava.library.path=win64/;. -XX:-CreateCoredumpOnCrash -XX:-OmitStackTraceInFastThrow -XX:-UseZGC 
java_command: <unknown>
java_class_path (initial): .;commons-compress-1.18.jar;istack-commons-runtime.jar;jassimp.jar;javacord-2.0.17-shaded.jar;javax.activation-api.jar;jaxb-api.jar;jaxb-runtime.jar;lwjgl.jar;lwjgl-natives-windows.jar;lwjgl-glfw.jar;lwjgl-glfw-natives-windows.jar;lwjgl-jemalloc.jar;lwjgl-jemalloc-natives-windows.jar;lwjgl-opengl.jar;lwjgl-opengl-natives-windows.jar;lwjgl_util.jar;sqlite-jdbc-3.27.2.1.jar;trove-3.0.3.jar;uncommons-maths-1.2.3.jar
Launcher Type: generic

[Global flags]
     intx CICompilerCount                          = 4                                         {product} {ergonomic}
     uint ConcGCThreads                            = 3                                         {product} {ergonomic}
     bool CreateCoredumpOnCrash                    = false                                     {product} {command line}
     uint G1ConcRefinementThreads                  = 10                                        {product} {ergonomic}
   size_t G1HeapRegionSize                         = 2097152                                   {product} {ergonomic}
    uintx GCDrainStackTargetSize                   = 64                                        {product} {ergonomic}
   size_t InitialHeapSize                          = 266338304                                 {product} {ergonomic}
   size_t MarkStackSize                            = 4194304                                   {product} {ergonomic}
   size_t MaxHeapSize                              = 3221225472                                {product} {command line}
   size_t MaxNewSize                               = 1931476992                                {product} {ergonomic}
   size_t MinHeapDeltaBytes                        = 2097152                                   {product} {ergonomic}
   size_t MinHeapSize                              = 8388608                                   {product} {ergonomic}
    uintx NonNMethodCodeHeapSize                   = 5839372                                {pd product} {ergonomic}
    uintx NonProfiledCodeHeapSize                  = 122909434                              {pd product} {ergonomic}
     bool OmitStackTraceInFastThrow                = false                                     {product} {command line}
    uintx ProfiledCodeHeapSize                     = 122909434                              {pd product} {ergonomic}
    uintx ReservedCodeCacheSize                    = 251658240                              {pd product} {ergonomic}
     bool SegmentedCodeCache                       = true                                      {product} {ergonomic}
   size_t SoftMaxHeapSize                          = 3221225472                             {manageable} {ergonomic}
     bool UseCompressedClassPointers               = true                           {product lp64_product} {ergonomic}
     bool UseCompressedOops                        = true                           {product lp64_product} {ergonomic}
     bool UseG1GC                                  = true                                      {product} {ergonomic}
     bool UseLargePagesIndividualAllocation        = false                                  {pd product} {ergonomic}
     bool UseZGC                                   = false                                     {product} {command line}

Logging:
Log output configuration:
 #0: stdout all=off uptime,level,tags
 #1: stderr all=off uptime,level,tags

Environment Variables:
CLASSPATH=.;C:\Program Files (x86)\QuickTime\QTSystem\QTJava.zip
PATH=D:\Steam;C:\Program Files\Common Files\Oracle\Java\javapath;C:\Program Files (x86)\Common Files\Intel\Shared Libraries\redist\intel64_win\compiler;C:\Program Files (x86)\Common Files\Oracle\Java\javapath;C:\Windows\system32;C:\Windows;C:\Windows\System32\Wbem;C:\Windows\System32\WindowsPowerShell\v1.0\;C:\Windows\System32\OpenSSH\;C:\WINDOWS\system32;C:\WINDOWS;C:\WINDOWS\System32\Wbem;C:\WINDOWS\System32\WindowsPowerShell\v1.0\;C:\WINDOWS\System32\OpenSSH\;C:\Program Files (x86)\NVIDIA Corporation\PhysX\Common;C:\Program Files\NVIDIA Corporation\NVIDIA NvDLISR;C:\Program Files (x86)\QuickTime\QTSystem\;C:\WINDOWS\system32;C:\WINDOWS;C:\WINDOWS\System32\Wbem;C:\WINDOWS\System32\WindowsPowerShell\v1.0\;C:\WINDOWS\System32\OpenSSH\;C:\Program Files (x86)\dotnet\;C:\Program Files\nodejs\;C:\Program Files\dotnet\;C:\Program Files\Git\cmd;C:\Users\User\AppData\Local\Microsoft\WindowsApps;;C:\Users\User\AppData\Local\Programs\Microsoft VS Code\bin;C:\Users\User\AppData\Roaming\npm
USERNAME=Niel
OS=Windows_NT
PROCESSOR_IDENTIFIER=AMD64 Family 25 Model 80 Stepping 0, AuthenticAMD



---------------  S Y S T E M  ---------------

OS:
 Windows 10 , 64 bit Build 22621 (10.0.22621.2070)
OS uptime: 0 days 8:27 hours

CPU: total 12 (initial active 12) (12 cores per cpu, 2 threads per core) family 25 model 80 stepping 0 microcode 0x0, cx8, cmov, fxsr, ht, mmx, 3dnowpref, sse, sse2, sse3, ssse3, sse4a, sse4.1, sse4.2, popcnt, lzcnt, tsc, tscinvbit, avx, avx2, aes, erms, clmul, bmi1, bmi2, adx, sha, fma, vzeroupper, clflush, clflushopt

Memory: 4k page, system-wide physical 16178M (6685M free)
TotalPageFile size 52658M (AvailPageFile size 29650M)
current process WorkingSet (physical memory assigned to process): 1472M, peak: 1550M
current process commit charge ("private bytes"): 2121M, peak: 2192M

vm_info: OpenJDK 64-Bit Server VM (17.0.1+12-LTS) for windows-amd64 JRE (17.0.1+12-LTS) (Zulu17.30+15-CA), built on Oct 20 2021 15:39:00 by "zulu_re" with MS VC++ 16.8 (VS2019)

END.
